This is pdfTeX, Version 3.141592653-2.6-1.40.22 (TeX Live 2021) (preloaded format=pdflatex 2022.1.13)  17 MAR 2022 12:17
entering extended mode
 restricted \write18 enabled.
 %&-line parsing enabled.
**main.tex
(./main.tex
LaTeX2e <2020-10-01> patch level 4
L3 programming layer <2021-02-18>
(/usr/local/texlive/2021/texmf-dist/tex/latex/base/report.cls
Document Class: report 2020/04/10 v1.4m Standard LaTeX document class
(/usr/local/texlive/2021/texmf-dist/tex/latex/base/size10.clo
File: size10.clo 2020/04/10 v1.4m Standard LaTeX file (size option)
)
\c@part=\count179
\c@chapter=\count180
\c@section=\count181
\c@subsection=\count182
\c@subsubsection=\count183
\c@paragraph=\count184
\c@subparagraph=\count185
\c@figure=\count186
\c@table=\count187
\abovecaptionskip=\skip47
\belowcaptionskip=\skip48
\bibindent=\dimen138
)
(/usr/local/texlive/2021/texmf-dist/tex/latex/base/inputenc.sty
Package: inputenc 2020/08/01 v1.3d Input encoding file
\inpenc@prehook=\toks15
\inpenc@posthook=\toks16
)
(/usr/local/texlive/2021/texmf-dist/tex/latex/base/fontenc.sty
Package: fontenc 2020/08/10 v2.0s Standard LaTeX package
)
(/usr/local/texlive/2021/texmf-dist/tex/latex/pgf/frontendlayer/tikz.sty
(/usr/local/texlive/2021/texmf-dist/tex/latex/pgf/basiclayer/pgf.sty
(/usr/local/texlive/2021/texmf-dist/tex/latex/pgf/utilities/pgfrcs.sty
(/usr/local/texlive/2021/texmf-dist/tex/generic/pgf/utilities/pgfutil-common.te
x
\pgfutil@everybye=\toks17
\pgfutil@tempdima=\dimen139
\pgfutil@tempdimb=\dimen140

(/usr/local/texlive/2021/texmf-dist/tex/generic/pgf/utilities/pgfutil-common-li
sts.tex))
(/usr/local/texlive/2021/texmf-dist/tex/generic/pgf/utilities/pgfutil-latex.def
\pgfutil@abb=\box47
) (/usr/local/texlive/2021/texmf-dist/tex/generic/pgf/utilities/pgfrcs.code.tex
(/usr/local/texlive/2021/texmf-dist/tex/generic/pgf/pgf.revision.tex)
Package: pgfrcs 2020/12/27 v3.1.8b (3.1.8b)
))
Package: pgf 2020/12/27 v3.1.8b (3.1.8b)

(/usr/local/texlive/2021/texmf-dist/tex/latex/pgf/basiclayer/pgfcore.sty
(/usr/local/texlive/2021/texmf-dist/tex/latex/graphics/graphicx.sty
Package: graphicx 2020/09/09 v1.2b Enhanced LaTeX Graphics (DPC,SPQR)

(/usr/local/texlive/2021/texmf-dist/tex/latex/graphics/keyval.sty
Package: keyval 2014/10/28 v1.15 key=value parser (DPC)
\KV@toks@=\toks18
)
(/usr/local/texlive/2021/texmf-dist/tex/latex/graphics/graphics.sty
Package: graphics 2020/08/30 v1.4c Standard LaTeX Graphics (DPC,SPQR)

(/usr/local/texlive/2021/texmf-dist/tex/latex/graphics/trig.sty
Package: trig 2016/01/03 v1.10 sin cos tan (DPC)
)
(/usr/local/texlive/2021/texmf-dist/tex/latex/graphics-cfg/graphics.cfg
File: graphics.cfg 2016/06/04 v1.11 sample graphics configuration
)
Package graphics Info: Driver file: pdftex.def on input line 105.

(/usr/local/texlive/2021/texmf-dist/tex/latex/graphics-def/pdftex.def
File: pdftex.def 2020/10/05 v1.2a Graphics/color driver for pdftex
))
\Gin@req@height=\dimen141
\Gin@req@width=\dimen142
)
(/usr/local/texlive/2021/texmf-dist/tex/latex/pgf/systemlayer/pgfsys.sty
(/usr/local/texlive/2021/texmf-dist/tex/generic/pgf/systemlayer/pgfsys.code.tex
Package: pgfsys 2020/12/27 v3.1.8b (3.1.8b)
(/usr/local/texlive/2021/texmf-dist/tex/generic/pgf/utilities/pgfkeys.code.tex
\pgfkeys@pathtoks=\toks19
\pgfkeys@temptoks=\toks20

(/usr/local/texlive/2021/texmf-dist/tex/generic/pgf/utilities/pgfkeysfiltered.c
ode.tex
\pgfkeys@tmptoks=\toks21
))
\pgf@x=\dimen143
\pgf@y=\dimen144
\pgf@xa=\dimen145
\pgf@ya=\dimen146
\pgf@xb=\dimen147
\pgf@yb=\dimen148
\pgf@xc=\dimen149
\pgf@yc=\dimen150
\pgf@xd=\dimen151
\pgf@yd=\dimen152
\w@pgf@writea=\write3
\r@pgf@reada=\read2
\c@pgf@counta=\count188
\c@pgf@countb=\count189
\c@pgf@countc=\count190
\c@pgf@countd=\count191
\t@pgf@toka=\toks22
\t@pgf@tokb=\toks23
\t@pgf@tokc=\toks24
\pgf@sys@id@count=\count192

(/usr/local/texlive/2021/texmf-dist/tex/generic/pgf/systemlayer/pgf.cfg
File: pgf.cfg 2020/12/27 v3.1.8b (3.1.8b)
)
Driver file for pgf: pgfsys-pdftex.def

(/usr/local/texlive/2021/texmf-dist/tex/generic/pgf/systemlayer/pgfsys-pdftex.d
ef
File: pgfsys-pdftex.def 2020/12/27 v3.1.8b (3.1.8b)

(/usr/local/texlive/2021/texmf-dist/tex/generic/pgf/systemlayer/pgfsys-common-p
df.def
File: pgfsys-common-pdf.def 2020/12/27 v3.1.8b (3.1.8b)
)))
(/usr/local/texlive/2021/texmf-dist/tex/generic/pgf/systemlayer/pgfsyssoftpath.
code.tex
File: pgfsyssoftpath.code.tex 2020/12/27 v3.1.8b (3.1.8b)
\pgfsyssoftpath@smallbuffer@items=\count193
\pgfsyssoftpath@bigbuffer@items=\count194
)
(/usr/local/texlive/2021/texmf-dist/tex/generic/pgf/systemlayer/pgfsysprotocol.
code.tex
File: pgfsysprotocol.code.tex 2020/12/27 v3.1.8b (3.1.8b)
)) (/usr/local/texlive/2021/texmf-dist/tex/latex/xcolor/xcolor.sty
Package: xcolor 2016/05/11 v2.12 LaTeX color extensions (UK)

(/usr/local/texlive/2021/texmf-dist/tex/latex/graphics-cfg/color.cfg
File: color.cfg 2016/01/02 v1.6 sample color configuration
)
Package xcolor Info: Driver file: pdftex.def on input line 225.
Package xcolor Info: Model `cmy' substituted by `cmy0' on input line 1348.
Package xcolor Info: Model `hsb' substituted by `rgb' on input line 1352.
Package xcolor Info: Model `RGB' extended on input line 1364.
Package xcolor Info: Model `HTML' substituted by `rgb' on input line 1366.
Package xcolor Info: Model `Hsb' substituted by `hsb' on input line 1367.
Package xcolor Info: Model `tHsb' substituted by `hsb' on input line 1368.
Package xcolor Info: Model `HSB' substituted by `hsb' on input line 1369.
Package xcolor Info: Model `Gray' substituted by `gray' on input line 1370.
Package xcolor Info: Model `wave' substituted by `hsb' on input line 1371.
)
(/usr/local/texlive/2021/texmf-dist/tex/generic/pgf/basiclayer/pgfcore.code.tex
Package: pgfcore 2020/12/27 v3.1.8b (3.1.8b)
(/usr/local/texlive/2021/texmf-dist/tex/generic/pgf/math/pgfmath.code.tex
(/usr/local/texlive/2021/texmf-dist/tex/generic/pgf/math/pgfmathcalc.code.tex
(/usr/local/texlive/2021/texmf-dist/tex/generic/pgf/math/pgfmathutil.code.tex)
(/usr/local/texlive/2021/texmf-dist/tex/generic/pgf/math/pgfmathparser.code.tex
\pgfmath@dimen=\dimen153
\pgfmath@count=\count195
\pgfmath@box=\box48
\pgfmath@toks=\toks25
\pgfmath@stack@operand=\toks26
\pgfmath@stack@operation=\toks27
)
(/usr/local/texlive/2021/texmf-dist/tex/generic/pgf/math/pgfmathfunctions.code.
tex
(/usr/local/texlive/2021/texmf-dist/tex/generic/pgf/math/pgfmathfunctions.basic
.code.tex)
(/usr/local/texlive/2021/texmf-dist/tex/generic/pgf/math/pgfmathfunctions.trigo
nometric.code.tex)
(/usr/local/texlive/2021/texmf-dist/tex/generic/pgf/math/pgfmathfunctions.rando
m.code.tex)
(/usr/local/texlive/2021/texmf-dist/tex/generic/pgf/math/pgfmathfunctions.compa
rison.code.tex)
(/usr/local/texlive/2021/texmf-dist/tex/generic/pgf/math/pgfmathfunctions.base.
code.tex)
(/usr/local/texlive/2021/texmf-dist/tex/generic/pgf/math/pgfmathfunctions.round
.code.tex)
(/usr/local/texlive/2021/texmf-dist/tex/generic/pgf/math/pgfmathfunctions.misc.
code.tex)
(/usr/local/texlive/2021/texmf-dist/tex/generic/pgf/math/pgfmathfunctions.integ
erarithmetics.code.tex)))
(/usr/local/texlive/2021/texmf-dist/tex/generic/pgf/math/pgfmathfloat.code.tex
\c@pgfmathroundto@lastzeros=\count196
)) (/usr/local/texlive/2021/texmf-dist/tex/generic/pgf/math/pgfint.code.tex)
(/usr/local/texlive/2021/texmf-dist/tex/generic/pgf/basiclayer/pgfcorepoints.co
de.tex
File: pgfcorepoints.code.tex 2020/12/27 v3.1.8b (3.1.8b)
\pgf@picminx=\dimen154
\pgf@picmaxx=\dimen155
\pgf@picminy=\dimen156
\pgf@picmaxy=\dimen157
\pgf@pathminx=\dimen158
\pgf@pathmaxx=\dimen159
\pgf@pathminy=\dimen160
\pgf@pathmaxy=\dimen161
\pgf@xx=\dimen162
\pgf@xy=\dimen163
\pgf@yx=\dimen164
\pgf@yy=\dimen165
\pgf@zx=\dimen166
\pgf@zy=\dimen167
)
(/usr/local/texlive/2021/texmf-dist/tex/generic/pgf/basiclayer/pgfcorepathconst
ruct.code.tex
File: pgfcorepathconstruct.code.tex 2020/12/27 v3.1.8b (3.1.8b)
\pgf@path@lastx=\dimen168
\pgf@path@lasty=\dimen169
)
(/usr/local/texlive/2021/texmf-dist/tex/generic/pgf/basiclayer/pgfcorepathusage
.code.tex
File: pgfcorepathusage.code.tex 2020/12/27 v3.1.8b (3.1.8b)
\pgf@shorten@end@additional=\dimen170
\pgf@shorten@start@additional=\dimen171
)
(/usr/local/texlive/2021/texmf-dist/tex/generic/pgf/basiclayer/pgfcorescopes.co
de.tex
File: pgfcorescopes.code.tex 2020/12/27 v3.1.8b (3.1.8b)
\pgfpic=\box49
\pgf@hbox=\box50
\pgf@layerbox@main=\box51
\pgf@picture@serial@count=\count197
)
(/usr/local/texlive/2021/texmf-dist/tex/generic/pgf/basiclayer/pgfcoregraphicst
ate.code.tex
File: pgfcoregraphicstate.code.tex 2020/12/27 v3.1.8b (3.1.8b)
\pgflinewidth=\dimen172
)
(/usr/local/texlive/2021/texmf-dist/tex/generic/pgf/basiclayer/pgfcoretransform
ations.code.tex
File: pgfcoretransformations.code.tex 2020/12/27 v3.1.8b (3.1.8b)
\pgf@pt@x=\dimen173
\pgf@pt@y=\dimen174
\pgf@pt@temp=\dimen175
)
(/usr/local/texlive/2021/texmf-dist/tex/generic/pgf/basiclayer/pgfcorequick.cod
e.tex
File: pgfcorequick.code.tex 2020/12/27 v3.1.8b (3.1.8b)
)
(/usr/local/texlive/2021/texmf-dist/tex/generic/pgf/basiclayer/pgfcoreobjects.c
ode.tex
File: pgfcoreobjects.code.tex 2020/12/27 v3.1.8b (3.1.8b)
)
(/usr/local/texlive/2021/texmf-dist/tex/generic/pgf/basiclayer/pgfcorepathproce
ssing.code.tex
File: pgfcorepathprocessing.code.tex 2020/12/27 v3.1.8b (3.1.8b)
)
(/usr/local/texlive/2021/texmf-dist/tex/generic/pgf/basiclayer/pgfcorearrows.co
de.tex
File: pgfcorearrows.code.tex 2020/12/27 v3.1.8b (3.1.8b)
\pgfarrowsep=\dimen176
)
(/usr/local/texlive/2021/texmf-dist/tex/generic/pgf/basiclayer/pgfcoreshade.cod
e.tex
File: pgfcoreshade.code.tex 2020/12/27 v3.1.8b (3.1.8b)
\pgf@max=\dimen177
\pgf@sys@shading@range@num=\count198
\pgf@shadingcount=\count199
)
(/usr/local/texlive/2021/texmf-dist/tex/generic/pgf/basiclayer/pgfcoreimage.cod
e.tex
File: pgfcoreimage.code.tex 2020/12/27 v3.1.8b (3.1.8b)

(/usr/local/texlive/2021/texmf-dist/tex/generic/pgf/basiclayer/pgfcoreexternal.
code.tex
File: pgfcoreexternal.code.tex 2020/12/27 v3.1.8b (3.1.8b)
\pgfexternal@startupbox=\box52
))
(/usr/local/texlive/2021/texmf-dist/tex/generic/pgf/basiclayer/pgfcorelayers.co
de.tex
File: pgfcorelayers.code.tex 2020/12/27 v3.1.8b (3.1.8b)
)
(/usr/local/texlive/2021/texmf-dist/tex/generic/pgf/basiclayer/pgfcoretranspare
ncy.code.tex
File: pgfcoretransparency.code.tex 2020/12/27 v3.1.8b (3.1.8b)
)
(/usr/local/texlive/2021/texmf-dist/tex/generic/pgf/basiclayer/pgfcorepatterns.
code.tex
File: pgfcorepatterns.code.tex 2020/12/27 v3.1.8b (3.1.8b)
)
(/usr/local/texlive/2021/texmf-dist/tex/generic/pgf/basiclayer/pgfcorerdf.code.
tex
File: pgfcorerdf.code.tex 2020/12/27 v3.1.8b (3.1.8b)
)))
(/usr/local/texlive/2021/texmf-dist/tex/generic/pgf/modules/pgfmoduleshapes.cod
e.tex
File: pgfmoduleshapes.code.tex 2020/12/27 v3.1.8b (3.1.8b)
\pgfnodeparttextbox=\box53
)
(/usr/local/texlive/2021/texmf-dist/tex/generic/pgf/modules/pgfmoduleplot.code.
tex
File: pgfmoduleplot.code.tex 2020/12/27 v3.1.8b (3.1.8b)
)
(/usr/local/texlive/2021/texmf-dist/tex/latex/pgf/compatibility/pgfcomp-version
-0-65.sty
Package: pgfcomp-version-0-65 2020/12/27 v3.1.8b (3.1.8b)
\pgf@nodesepstart=\dimen178
\pgf@nodesepend=\dimen179
)
(/usr/local/texlive/2021/texmf-dist/tex/latex/pgf/compatibility/pgfcomp-version
-1-18.sty
Package: pgfcomp-version-1-18 2020/12/27 v3.1.8b (3.1.8b)
))
(/usr/local/texlive/2021/texmf-dist/tex/latex/pgf/utilities/pgffor.sty
(/usr/local/texlive/2021/texmf-dist/tex/latex/pgf/utilities/pgfkeys.sty
(/usr/local/texlive/2021/texmf-dist/tex/generic/pgf/utilities/pgfkeys.code.tex)
) (/usr/local/texlive/2021/texmf-dist/tex/latex/pgf/math/pgfmath.sty
(/usr/local/texlive/2021/texmf-dist/tex/generic/pgf/math/pgfmath.code.tex))
(/usr/local/texlive/2021/texmf-dist/tex/generic/pgf/utilities/pgffor.code.tex
Package: pgffor 2020/12/27 v3.1.8b (3.1.8b)

(/usr/local/texlive/2021/texmf-dist/tex/generic/pgf/math/pgfmath.code.tex)
\pgffor@iter=\dimen180
\pgffor@skip=\dimen181
\pgffor@stack=\toks28
\pgffor@toks=\toks29
))
(/usr/local/texlive/2021/texmf-dist/tex/generic/pgf/frontendlayer/tikz/tikz.cod
e.tex
Package: tikz 2020/12/27 v3.1.8b (3.1.8b)

(/usr/local/texlive/2021/texmf-dist/tex/generic/pgf/libraries/pgflibraryplothan
dlers.code.tex
File: pgflibraryplothandlers.code.tex 2020/12/27 v3.1.8b (3.1.8b)
\pgf@plot@mark@count=\count266
\pgfplotmarksize=\dimen182
)
\tikz@lastx=\dimen183
\tikz@lasty=\dimen184
\tikz@lastxsaved=\dimen185
\tikz@lastysaved=\dimen186
\tikz@lastmovetox=\dimen187
\tikz@lastmovetoy=\dimen188
\tikzleveldistance=\dimen189
\tikzsiblingdistance=\dimen190
\tikz@figbox=\box54
\tikz@figbox@bg=\box55
\tikz@tempbox=\box56
\tikz@tempbox@bg=\box57
\tikztreelevel=\count267
\tikznumberofchildren=\count268
\tikznumberofcurrentchild=\count269
\tikz@fig@count=\count270

(/usr/local/texlive/2021/texmf-dist/tex/generic/pgf/modules/pgfmodulematrix.cod
e.tex
File: pgfmodulematrix.code.tex 2020/12/27 v3.1.8b (3.1.8b)
\pgfmatrixcurrentrow=\count271
\pgfmatrixcurrentcolumn=\count272
\pgf@matrix@numberofcolumns=\count273
)
\tikz@expandcount=\count274

(/usr/local/texlive/2021/texmf-dist/tex/generic/pgf/frontendlayer/tikz/librarie
s/tikzlibrarytopaths.code.tex
File: tikzlibrarytopaths.code.tex 2020/12/27 v3.1.8b (3.1.8b)
)))
(/usr/local/texlive/2021/texmf-dist/tex/latex/graphics/epsfig.sty
Package: epsfig 2017/06/25 v1.7b (e)psfig emulation (SPQR)
\epsfxsize=\dimen191
\epsfysize=\dimen192
)
(/usr/local/texlive/2021/texmf-dist/tex/latex/base/latexsym.sty
Package: latexsym 1998/08/17 v2.2e Standard LaTeX package (lasy symbols)
\symlasy=\mathgroup4
LaTeX Font Info:    Overwriting symbol font `lasy' in version `bold'
(Font)                  U/lasy/m/n --> U/lasy/b/n on input line 52.
)
(/usr/local/texlive/2021/texmf-dist/tex/generic/dvips/colordvi.sty)
(/usr/local/texlive/2021/texmf-dist/tex/latex/colortbl/colortbl.sty
Package: colortbl 2020/01/04 v1.0e Color table columns (DPC)

(/usr/local/texlive/2021/texmf-dist/tex/latex/tools/array.sty
Package: array 2020/10/01 v2.5c Tabular extension package (FMi)
\col@sep=\dimen193
\ar@mcellbox=\box58
\extrarowheight=\dimen194
\NC@list=\toks30
\extratabsurround=\skip49
\backup@length=\skip50
\ar@cellbox=\box59
)
\everycr=\toks31
\minrowclearance=\skip51
)
(/usr/local/texlive/2021/texmf-dist/tex/latex/multirow/multirow.sty
Package: multirow 2021/03/15 v2.8 Span multiple rows of a table
\multirow@colwidth=\skip52
\multirow@cntb=\count275
\multirow@dima=\skip53
\bigstrutjot=\dimen195
)
(/usr/local/texlive/2021/texmf-dist/tex/latex/eurosym/eurosym.sty
Package: eurosym 1998/08/06 v1.1 European currency symbol ``Euro''
\@eurobox=\box60
)
(/usr/local/texlive/2021/texmf-dist/tex/generic/ulem/ulem.sty
\UL@box=\box61
\UL@hyphenbox=\box62
\UL@skip=\skip54
\UL@hook=\toks32
\UL@height=\dimen196
\UL@pe=\count276
\UL@pixel=\dimen197
\ULC@box=\box63
Package: ulem 2019/11/18
\ULdepth=\dimen198
)
(/usr/local/texlive/2021/texmf-dist/tex/latex/amsmath/amsmath.sty
Package: amsmath 2020/09/23 v2.17i AMS math features
\@mathmargin=\skip55

For additional information on amsmath, use the `?' option.
(/usr/local/texlive/2021/texmf-dist/tex/latex/amsmath/amstext.sty
Package: amstext 2000/06/29 v2.01 AMS text

(/usr/local/texlive/2021/texmf-dist/tex/latex/amsmath/amsgen.sty
File: amsgen.sty 1999/11/30 v2.0 generic functions
\@emptytoks=\toks33
\ex@=\dimen199
))
(/usr/local/texlive/2021/texmf-dist/tex/latex/amsmath/amsbsy.sty
Package: amsbsy 1999/11/29 v1.2d Bold Symbols
\pmbraise@=\dimen256
)
(/usr/local/texlive/2021/texmf-dist/tex/latex/amsmath/amsopn.sty
Package: amsopn 2016/03/08 v2.02 operator names
)
\inf@bad=\count277
LaTeX Info: Redefining \frac on input line 234.
\uproot@=\count278
\leftroot@=\count279
LaTeX Info: Redefining \overline on input line 399.
\classnum@=\count280
\DOTSCASE@=\count281
LaTeX Info: Redefining \ldots on input line 496.
LaTeX Info: Redefining \dots on input line 499.
LaTeX Info: Redefining \cdots on input line 620.
\Mathstrutbox@=\box64
\strutbox@=\box65
\big@size=\dimen257
LaTeX Font Info:    Redeclaring font encoding OML on input line 743.
LaTeX Font Info:    Redeclaring font encoding OMS on input line 744.
\macc@depth=\count282
\c@MaxMatrixCols=\count283
\dotsspace@=\muskip16
\c@parentequation=\count284
\dspbrk@lvl=\count285
\tag@help=\toks34
\row@=\count286
\column@=\count287
\maxfields@=\count288
\andhelp@=\toks35
\eqnshift@=\dimen258
\alignsep@=\dimen259
\tagshift@=\dimen260
\tagwidth@=\dimen261
\totwidth@=\dimen262
\lineht@=\dimen263
\@envbody=\toks36
\multlinegap=\skip56
\multlinetaggap=\skip57
\mathdisplay@stack=\toks37
LaTeX Info: Redefining \[ on input line 2923.
LaTeX Info: Redefining \] on input line 2924.
)
(/usr/local/texlive/2021/texmf-dist/tex/latex/amsfonts/amssymb.sty
Package: amssymb 2013/01/14 v3.01 AMS font symbols

(/usr/local/texlive/2021/texmf-dist/tex/latex/amsfonts/amsfonts.sty
Package: amsfonts 2013/01/14 v3.01 Basic AMSFonts support
\symAMSa=\mathgroup5
\symAMSb=\mathgroup6
LaTeX Font Info:    Redeclaring math symbol \hbar on input line 98.
LaTeX Font Info:    Overwriting math alphabet `\mathfrak' in version `bold'
(Font)                  U/euf/m/n --> U/euf/b/n on input line 106.
))
(/usr/local/texlive/2021/texmf-dist/tex/latex/selinput/selinput.sty
Package: selinput 2019-12-10 v1.6 Semi-automatic input encoding detection (HO)

(/usr/local/texlive/2021/texmf-dist/tex/generic/kvsetkeys/kvsetkeys.sty
Package: kvsetkeys 2019/12/15 v1.18 Key value parser (HO)
)
(/usr/local/texlive/2021/texmf-dist/tex/generic/stringenc/stringenc.sty
Package: stringenc 2019/11/29 v1.12 Convert strings between diff. encodings (HO
)

(/usr/local/texlive/2021/texmf-dist/tex/generic/infwarerr/infwarerr.sty
Package: infwarerr 2019/12/03 v1.5 Providing info/warning/error messages (HO)
)
(/usr/local/texlive/2021/texmf-dist/tex/generic/ltxcmds/ltxcmds.sty
Package: ltxcmds 2020-05-10 v1.25 LaTeX kernel commands for general use (HO)
)
(/usr/local/texlive/2021/texmf-dist/tex/generic/pdfescape/pdfescape.sty
Package: pdfescape 2019/12/09 v1.15 Implements pdfTeX's escape features (HO)

(/usr/local/texlive/2021/texmf-dist/tex/generic/pdftexcmds/pdftexcmds.sty
Package: pdftexcmds 2020-06-27 v0.33 Utility functions of pdfTeX for LuaTeX (HO
)

(/usr/local/texlive/2021/texmf-dist/tex/generic/iftex/iftex.sty
Package: iftex 2020/03/06 v1.0d TeX engine tests
)
Package pdftexcmds Info: \pdf@primitive is available.
Package pdftexcmds Info: \pdf@ifprimitive is available.
Package pdftexcmds Info: \pdfdraftmode found.
)))
(/usr/local/texlive/2021/texmf-dist/tex/latex/kvoptions/kvoptions.sty
Package: kvoptions 2020-10-07 v3.14 Key value format for package options (HO)
))
(/usr/local/texlive/2021/texmf-dist/tex/latex/fancyhdr/fancyhdr.sty
Package: fancyhdr 2021/01/28 v4.0.1 Extensive control of page headers and foote
rs
\f@nch@headwidth=\skip58
\f@nch@O@elh=\skip59
\f@nch@O@erh=\skip60
\f@nch@O@olh=\skip61
\f@nch@O@orh=\skip62
\f@nch@O@elf=\skip63
\f@nch@O@erf=\skip64
\f@nch@O@olf=\skip65
\f@nch@O@orf=\skip66
)
(/usr/local/texlive/2021/texmf-dist/tex/latex/lastpage/lastpage.sty
Package: lastpage 2015/03/29 v1.2m Refers to last page's name (HMM; JPG)
)
(/usr/local/texlive/2021/texmf-dist/tex/latex/acronym/acronym.sty
Package: acronym 2020/04/17 v1.47 Support for acronyms (Tobias Oetiker)

(/usr/local/texlive/2021/texmf-dist/tex/latex/bigfoot/suffix.sty
Package: suffix 2006/07/15 1.5a Variant command support
)
(/usr/local/texlive/2021/texmf-dist/tex/generic/xstring/xstring.sty
(/usr/local/texlive/2021/texmf-dist/tex/generic/xstring/xstring.tex
\integerpart=\count289
\decimalpart=\count290
)
Package: xstring 2019/02/06 v1.83 String manipulations (CT)
)
\AC@clearlist=\toks38
)
(/usr/local/texlive/2021/texmf-dist/tex/latex/base/textcomp.sty
Package: textcomp 2020/02/02 v2.0n Standard LaTeX package
)
(/usr/local/texlive/2021/texmf-dist/tex/latex/carlisle/ltxtable.sty
Package: ltxtable 1995/12/11 v0.2 longtable/tabularx merge (DPC)

(/usr/local/texlive/2021/texmf-dist/tex/latex/tools/tabularx.sty
Package: tabularx 2020/01/15 v2.11c `tabularx' package (DPC)
\TX@col@width=\dimen264
\TX@old@table=\dimen265
\TX@old@col=\dimen266
\TX@target=\dimen267
\TX@delta=\dimen268
\TX@cols=\count291
\TX@ftn=\toks39
)
(/usr/local/texlive/2021/texmf-dist/tex/latex/tools/longtable.sty
Package: longtable 2020/01/07 v4.13 Multi-page Table package (DPC)
\LTleft=\skip67
\LTright=\skip68
\LTpre=\skip69
\LTpost=\skip70
\LTchunksize=\count292
\LTcapwidth=\dimen269
\LT@head=\box66
\LT@firsthead=\box67
\LT@foot=\box68
\LT@lastfoot=\box69
\LT@cols=\count293
\LT@rows=\count294
\c@LT@tables=\count295
\c@LT@chunks=\count296
\LT@p@ftn=\toks40
))
(/usr/local/texlive/2021/texmf-dist/tex/latex/supertabular/supertabular.sty
Package: supertabular 2020/02/02 v4.1g the supertabular environment
\c@tracingst=\count297
\ST@wd=\dimen270
\ST@rightskip=\skip71
\ST@leftskip=\skip72
\ST@parfillskip=\skip73
\ST@pageleft=\dimen271
\ST@headht=\dimen272
\ST@tailht=\dimen273
\ST@pagesofar=\dimen274
\ST@pboxht=\dimen275
\ST@lineht=\dimen276
\ST@prevht=\dimen277
\ST@toadd=\dimen278
\ST@dimen=\dimen279
\ST@pbox=\box70
)
(/usr/local/texlive/2021/texmf-dist/tex/latex/tools/verbatim.sty
Package: verbatim 2020-07-07 v1.5u LaTeX2e package for verbatim enhancements
\every@verbatim=\toks41
\verbatim@line=\toks42
\verbatim@in@stream=\read3
)
(/usr/local/texlive/2021/texmf-dist/tex/latex/float/float.sty
Package: float 2001/11/08 v1.3d Float enhancements (AL)
\c@float@type=\count298
\float@exts=\toks43
\float@box=\box71
\@float@everytoks=\toks44
\@floatcapt=\box72
)
(/usr/local/texlive/2021/texmf-dist/tex/latex/blindtext/blindtext.sty
Package: blindtext 2012/01/06 V2.0 blindtext-Package

(/usr/local/texlive/2021/texmf-dist/tex/latex/tools/xspace.sty
Package: xspace 2014/10/28 v1.13 Space after command names (DPC,MH)
)
\c@blindtext=\count299
\c@Blindtext=\count300
\c@blind@countparstart=\count301
\blind@countxx=\count302
\blindtext@numBlindtext=\count303
\blind@countyy=\count304
\c@blindlist=\count305
\c@blindlistlevel=\count306
\c@blindlist@level=\count307
\blind@listitem=\count308
\c@blind@listcount=\count309
\c@blind@levelcount=\count310
\blind@mathformula=\count311
\blind@Mathformula=\count312
\c@blind@randomcount=\count313
\c@blind@randommax=\count314
\c@blind@pangramcount=\count315
\c@blind@pangrammax=\count316
)
(/usr/local/texlive/2021/texmf-dist/tex/latex/tools/multicol.sty
Package: multicol 2019/12/09 v1.8y multicolumn formatting (FMi)
\c@tracingmulticols=\count317
\mult@box=\box73
\multicol@leftmargin=\dimen280
\c@unbalance=\count318
\c@collectmore=\count319
\doublecol@number=\count320
\multicoltolerance=\count321
\multicolpretolerance=\count322
\full@width=\dimen281
\page@free=\dimen282
\premulticols=\dimen283
\postmulticols=\dimen284
\multicolsep=\skip74
\multicolbaselineskip=\skip75
\partial@page=\box74
\last@line=\box75
\maxbalancingoverflow=\dimen285
\mult@rightbox=\box76
\mult@grightbox=\box77
\mult@gfirstbox=\box78
\mult@firstbox=\box79
\@tempa=\box80
\@tempa=\box81
\@tempa=\box82
\@tempa=\box83
\@tempa=\box84
\@tempa=\box85
\@tempa=\box86
\@tempa=\box87
\@tempa=\box88
\@tempa=\box89
\@tempa=\box90
\@tempa=\box91
\@tempa=\box92
\@tempa=\box93
\@tempa=\box94
\@tempa=\box95
\@tempa=\box96
\@tempa=\box97
\@tempa=\box98
\@tempa=\box99
\@tempa=\box100
\@tempa=\box101
\@tempa=\box102
\@tempa=\box103
\@tempa=\box104
\@tempa=\box105
\@tempa=\box106
\@tempa=\box107
\@tempa=\box108
\@tempa=\box109
\@tempa=\box110
\@tempa=\box111
\@tempa=\box112
\@tempa=\box113
\@tempa=\box114
\@tempa=\box115
\@tempa=\box116
\c@minrows=\count323
\c@columnbadness=\count324
\c@finalcolumnbadness=\count325
\last@try=\dimen286
\multicolovershoot=\dimen287
\multicolundershoot=\dimen288
\mult@nat@firstbox=\box117
\colbreak@box=\box118
\mc@col@check@num=\count326
)
(/usr/local/texlive/2021/texmf-dist/tex/latex/tocbibind/tocbibind.sty
Package: tocbibind 2010/10/13 v1.5k extra ToC listings
Package tocbibind Info: The document has chapter divisions on input line 50.


Package tocbibind Note: Using chapter style headings, unless overridden.

) (/usr/local/texlive/2021/texmf-dist/tex/latex/caption/caption.sty
Package: caption 2020/10/26 v3.5g Customizing captions (AR)

(/usr/local/texlive/2021/texmf-dist/tex/latex/caption/caption3.sty
Package: caption3 2020/10/21 v2.2e caption3 kernel (AR)
\captionmargin=\dimen289
\captionmargin@=\dimen290
\captionwidth=\dimen291
\caption@tempdima=\dimen292
\caption@indent=\dimen293
\caption@parindent=\dimen294
\caption@hangindent=\dimen295
Package caption Info: Standard document class detected.
)
\c@caption@flags=\count327
\c@continuedfloat=\count328
Package caption Info: float package is loaded.
Package caption Info: longtable package is loaded.

(/usr/local/texlive/2021/texmf-dist/tex/latex/caption/ltcaption.sty
Package: ltcaption 2020/05/30 v1.4b longtable captions (AR)
)
Package caption Info: supertabular package is loaded.
)
(/usr/local/texlive/2021/texmf-dist/tex/generic/babel/babel.sty
Package: babel 2021/03/24 3.56 The Babel package

(/usr/local/texlive/2021/texmf-dist/tex/generic/babel/babel.def
File: babel.def 2021/03/24 3.56 Babel common definitions
\babel@savecnt=\count329
\U@D=\dimen296
\l@babelnohyphens=\language87

(/usr/local/texlive/2021/texmf-dist/tex/generic/babel/txtbabel.def)
\bbl@readstream=\read4
)
\bbl@dirlevel=\count330

(/usr/local/texlive/2021/texmf-dist/tex/generic/babel-german/ngerman.ldf
Language: ngerman 2021/02/27 v2.13 German support for babel (post-1996 orthogra
phy)

(/usr/local/texlive/2021/texmf-dist/tex/generic/babel-german/ngermanb.ldf
Language: ngermanb 2021/02/27 v2.13 German support for babel (post-1996 orthogr
aphy)
Package babel Info: Making " an active character on input line 122.
)))
(/usr/local/texlive/2021/texmf-dist/tex/latex/url/url.sty
\Urlmuskip=\muskip17
Package: url 2013/09/16  ver 3.4  Verb mode for urls, etc.
)
(/usr/local/texlive/2021/texmf-dist/tex/latex/hyperref/hyperref.sty
Package: hyperref 2021-02-27 v7.00k Hypertext links for LaTeX

(/usr/local/texlive/2021/texmf-dist/tex/generic/kvdefinekeys/kvdefinekeys.sty
Package: kvdefinekeys 2019-12-19 v1.6 Define keys (HO)
)
(/usr/local/texlive/2021/texmf-dist/tex/latex/hycolor/hycolor.sty
Package: hycolor 2020-01-27 v1.10 Color options for hyperref/bookmark (HO)
)
(/usr/local/texlive/2021/texmf-dist/tex/latex/letltxmacro/letltxmacro.sty
Package: letltxmacro 2019/12/03 v1.6 Let assignment for LaTeX macros (HO)
)
(/usr/local/texlive/2021/texmf-dist/tex/latex/auxhook/auxhook.sty
Package: auxhook 2019-12-17 v1.6 Hooks for auxiliary files (HO)
)
\@linkdim=\dimen297
\Hy@linkcounter=\count331
\Hy@pagecounter=\count332

(/usr/local/texlive/2021/texmf-dist/tex/latex/hyperref/pd1enc.def
File: pd1enc.def 2021-02-27 v7.00k Hyperref: PDFDocEncoding definition (HO)
Now handling font encoding PD1 ...
... no UTF-8 mapping file for font encoding PD1
)
(/usr/local/texlive/2021/texmf-dist/tex/latex/hyperref/hyperref-langpatches.def
File: hyperref-langpatches.def 2021-02-27 v7.00k Hyperref: patches for babel la
nguages
) (/usr/local/texlive/2021/texmf-dist/tex/generic/intcalc/intcalc.sty
Package: intcalc 2019/12/15 v1.3 Expandable calculations with integers (HO)
)
(/usr/local/texlive/2021/texmf-dist/tex/generic/etexcmds/etexcmds.sty
Package: etexcmds 2019/12/15 v1.7 Avoid name clashes with e-TeX commands (HO)
)
\Hy@SavedSpaceFactor=\count333

(/usr/local/texlive/2021/texmf-dist/tex/latex/hyperref/puenc.def
File: puenc.def 2021-02-27 v7.00k Hyperref: PDF Unicode definition (HO)
Now handling font encoding PU ...
... no UTF-8 mapping file for font encoding PU
)
Package hyperref Info: Hyper figures OFF on input line 4192.
Package hyperref Info: Link nesting OFF on input line 4197.
Package hyperref Info: Hyper index ON on input line 4200.
Package hyperref Info: Plain pages OFF on input line 4207.
Package hyperref Info: Backreferencing OFF on input line 4212.
Package hyperref Info: Implicit mode ON; LaTeX internals redefined.
Package hyperref Info: Bookmarks ON on input line 4445.
\c@Hy@tempcnt=\count334
LaTeX Info: Redefining \url on input line 4804.
\XeTeXLinkMargin=\dimen298

(/usr/local/texlive/2021/texmf-dist/tex/generic/bitset/bitset.sty
Package: bitset 2019/12/09 v1.3 Handle bit-vector datatype (HO)

(/usr/local/texlive/2021/texmf-dist/tex/generic/bigintcalc/bigintcalc.sty
Package: bigintcalc 2019/12/15 v1.5 Expandable calculations on big integers (HO
)
))
\Fld@menulength=\count335
\Field@Width=\dimen299
\Fld@charsize=\dimen300
Package hyperref Info: Hyper figures OFF on input line 6075.
Package hyperref Info: Link nesting OFF on input line 6080.
Package hyperref Info: Hyper index ON on input line 6083.
Package hyperref Info: backreferencing OFF on input line 6090.
Package hyperref Info: Link coloring OFF on input line 6095.
Package hyperref Info: Link coloring with OCG OFF on input line 6100.
Package hyperref Info: PDF/A mode OFF on input line 6105.
LaTeX Info: Redefining \ref on input line 6145.
LaTeX Info: Redefining \pageref on input line 6149.

(/usr/local/texlive/2021/texmf-dist/tex/latex/base/atbegshi-ltx.sty
Package: atbegshi-ltx 2020/08/17 v1.0a Emulation of the original atbegshi packa
ge
with kernel methods
)
\Hy@abspage=\count336
\c@Item=\count337
\c@Hfootnote=\count338
)
Package hyperref Info: Driver (autodetected): hpdftex.

(/usr/local/texlive/2021/texmf-dist/tex/latex/hyperref/hpdftex.def
File: hpdftex.def 2021-02-27 v7.00k Hyperref driver for pdfTeX

(/usr/local/texlive/2021/texmf-dist/tex/latex/base/atveryend-ltx.sty
Package: atveryend-ltx 2020/08/19 v1.0a Emulation of the original atvery packag
e
with kernel methods
)
\Fld@listcount=\count339
\c@bookmark@seq@number=\count340

(/usr/local/texlive/2021/texmf-dist/tex/latex/rerunfilecheck/rerunfilecheck.sty
Package: rerunfilecheck 2019/12/05 v1.9 Rerun checks for auxiliary files (HO)

(/usr/local/texlive/2021/texmf-dist/tex/generic/uniquecounter/uniquecounter.sty
Package: uniquecounter 2019/12/15 v1.4 Provide unlimited unique counter (HO)
)
Package uniquecounter Info: New unique counter `rerunfilecheck' on input line 2
86.
)
\Hy@SectionHShift=\skip76
) (/usr/local/texlive/2021/texmf-dist/tex/latex/breakurl/breakurl.sty
Package: breakurl 2013/04/10 v1.40 Breakable hyperref URLs

(/usr/local/texlive/2021/texmf-dist/tex/latex/xkeyval/xkeyval.sty
Package: xkeyval 2020/11/20 v2.8 package option processing (HA)

(/usr/local/texlive/2021/texmf-dist/tex/generic/xkeyval/xkeyval.tex
(/usr/local/texlive/2021/texmf-dist/tex/generic/xkeyval/xkvutils.tex
\XKV@toks=\toks45
\XKV@tempa@toks=\toks46
)
\XKV@depth=\count341
File: xkeyval.tex 2014/12/03 v2.7a key=value parser (HA)
))
(/usr/local/texlive/2021/texmf-dist/tex/generic/iftex/ifpdf.sty
Package: ifpdf 2019/10/25 v3.4 ifpdf legacy package. Use iftex instead.
)

Package breakurl Warning: You are using breakurl while processing via pdflatex.

(breakurl)                \burl will be just a synonym of \url.
(breakurl)                 on input line 48.

) (/usr/local/texlive/2021/texmf-dist/tex/latex/pdfpages/pdfpages.sty
Package: pdfpages 2021/03/06 v0.5t Insert pages of external PDF documents (AM)

(/usr/local/texlive/2021/texmf-dist/tex/latex/base/ifthen.sty
Package: ifthen 2014/09/29 v1.1c Standard LaTeX ifthen package (DPC)
)
(/usr/local/texlive/2021/texmf-dist/tex/latex/tools/calc.sty
Package: calc 2017/05/25 v4.3 Infix arithmetic (KKT,FJ)
\calc@Acount=\count342
\calc@Bcount=\count343
\calc@Adimen=\dimen301
\calc@Bdimen=\dimen302
\calc@Askip=\skip77
\calc@Bskip=\skip78
LaTeX Info: Redefining \setlength on input line 80.
LaTeX Info: Redefining \addtolength on input line 81.
\calc@Ccount=\count344
\calc@Cskip=\skip79
)
(/usr/local/texlive/2021/texmf-dist/tex/latex/eso-pic/eso-pic.sty
Package: eso-pic 2020/10/14 v3.0a eso-pic (RN)
\ESO@tempdima=\dimen303
\ESO@tempdimb=\dimen304
)
\AM@pagewidth=\dimen305
\AM@pageheight=\dimen306
\AM@fboxrule=\dimen307

(/usr/local/texlive/2021/texmf-dist/tex/latex/pdfpages/pppdftex.def
File: pppdftex.def 2021/03/06 v0.5t Pdfpages driver for pdfTeX (AM)
)
\pdfpages@includegraphics@status=\count345
\AM@pagebox=\box119
\AM@global@opts=\toks47
\AM@pagecnt=\count346
\AM@toc@title=\toks48
\c@AM@survey=\count347
\AM@templatesizebox=\box120
)
(/usr/local/texlive/2021/texmf-dist/tex/latex/listings/listings.sty
\lst@mode=\count348
\lst@gtempboxa=\box121
\lst@token=\toks49
\lst@length=\count349
\lst@currlwidth=\dimen308
\lst@column=\count350
\lst@pos=\count351
\lst@lostspace=\dimen309
\lst@width=\dimen310
\lst@newlines=\count352
\lst@lineno=\count353
\lst@maxwidth=\dimen311

(/usr/local/texlive/2021/texmf-dist/tex/latex/listings/lstmisc.sty
File: lstmisc.sty 2020/03/24 1.8d (Carsten Heinz)
\c@lstnumber=\count354
\lst@skipnumbers=\count355
\lst@framebox=\box122
)
(/usr/local/texlive/2021/texmf-dist/tex/latex/listings/listings.cfg
File: listings.cfg 2020/03/24 1.8d listings configuration
))
Package: listings 2020/03/24 1.8d (Carsten Heinz)
\matwidth=\skip80

(/usr/local/texlive/2021/texmf-dist/tex/latex/lm/lmodern.sty
Package: lmodern 2015/05/01 v1.6.1 Latin Modern Fonts
LaTeX Font Info:    Overwriting symbol font `operators' in version `normal'
(Font)                  OT1/cmr/m/n --> OT1/lmr/m/n on input line 22.
LaTeX Font Info:    Overwriting symbol font `letters' in version `normal'
(Font)                  OML/cmm/m/it --> OML/lmm/m/it on input line 23.
LaTeX Font Info:    Overwriting symbol font `symbols' in version `normal'
(Font)                  OMS/cmsy/m/n --> OMS/lmsy/m/n on input line 24.
LaTeX Font Info:    Overwriting symbol font `largesymbols' in version `normal'
(Font)                  OMX/cmex/m/n --> OMX/lmex/m/n on input line 25.
LaTeX Font Info:    Overwriting symbol font `operators' in version `bold'
(Font)                  OT1/cmr/bx/n --> OT1/lmr/bx/n on input line 26.
LaTeX Font Info:    Overwriting symbol font `letters' in version `bold'
(Font)                  OML/cmm/b/it --> OML/lmm/b/it on input line 27.
LaTeX Font Info:    Overwriting symbol font `symbols' in version `bold'
(Font)                  OMS/cmsy/b/n --> OMS/lmsy/b/n on input line 28.
LaTeX Font Info:    Overwriting symbol font `largesymbols' in version `bold'
(Font)                  OMX/cmex/m/n --> OMX/lmex/m/n on input line 29.
LaTeX Font Info:    Overwriting math alphabet `\mathbf' in version `normal'
(Font)                  OT1/cmr/bx/n --> OT1/lmr/bx/n on input line 31.
LaTeX Font Info:    Overwriting math alphabet `\mathsf' in version `normal'
(Font)                  OT1/cmss/m/n --> OT1/lmss/m/n on input line 32.
LaTeX Font Info:    Overwriting math alphabet `\mathit' in version `normal'
(Font)                  OT1/cmr/m/it --> OT1/lmr/m/it on input line 33.
LaTeX Font Info:    Overwriting math alphabet `\mathtt' in version `normal'
(Font)                  OT1/cmtt/m/n --> OT1/lmtt/m/n on input line 34.
LaTeX Font Info:    Overwriting math alphabet `\mathbf' in version `bold'
(Font)                  OT1/cmr/bx/n --> OT1/lmr/bx/n on input line 35.
LaTeX Font Info:    Overwriting math alphabet `\mathsf' in version `bold'
(Font)                  OT1/cmss/bx/n --> OT1/lmss/bx/n on input line 36.
LaTeX Font Info:    Overwriting math alphabet `\mathit' in version `bold'
(Font)                  OT1/cmr/bx/it --> OT1/lmr/bx/it on input line 37.
LaTeX Font Info:    Overwriting math alphabet `\mathtt' in version `bold'
(Font)                  OT1/cmtt/m/n --> OT1/lmtt/m/n on input line 38.
)
LaTeX Font Info:    Trying to load font information for T1+lmr on input line 15
5.

(/usr/local/texlive/2021/texmf-dist/tex/latex/lm/t1lmr.fd
File: t1lmr.fd 2015/05/01 v1.6.1 Font defs for Latin Modern
)
(/usr/local/texlive/2021/texmf-dist/tex/latex/l3backend/l3backend-pdftex.def
File: l3backend-pdftex.def 2021-03-18 L3 backend support: PDF output (pdfTeX)
\l__color_backend_stack_int=\count356
\l__pdf_internal_box=\box123
)
(./main.aux (./titlepage.aux) (./erklaerung.aux) (./kurzfassung.aux)
(./danksagung.aux) (./einleitung.aux) (./doku.aux

LaTeX Warning: Label `Code' multiply defined.


LaTeX Warning: Label `Code' multiply defined.


LaTeX Warning: Label `Code' multiply defined.


LaTeX Warning: Label `Code' multiply defined.


LaTeX Warning: Label `Code' multiply defined.


LaTeX Warning: Label `Code' multiply defined.


LaTeX Warning: Label `Code' multiply defined.


LaTeX Warning: Label `Code' multiply defined.


LaTeX Warning: Label `Code' multiply defined.


LaTeX Warning: Label `Code' multiply defined.


LaTeX Warning: Label `Code' multiply defined.


LaTeX Warning: Label `Code' multiply defined.


LaTeX Warning: Label `Code' multiply defined.


LaTeX Warning: Label `Code' multiply defined.


LaTeX Warning: Label `Code' multiply defined.


LaTeX Warning: Label `Code' multiply defined.


LaTeX Warning: Label `fig: Interaktion mit dem Datatabel' multiply defined.


LaTeX Warning: Label `fig: Header' multiply defined.


LaTeX Warning: Label `fig: Header' multiply defined.


LaTeX Warning: Label `fig:CSS_System' multiply defined.


LaTeX Warning: Label `fig:CSS_System' multiply defined.


LaTeX Warning: Label `fig:CSS_System' multiply defined.


LaTeX Warning: Label `fig:CSS_System' multiply defined.


LaTeX Warning: Label `fig:CSS_System' multiply defined.


LaTeX Warning: Label `fig:CSS_System' multiply defined.


LaTeX Warning: Label `fig:CSS_System' multiply defined.


LaTeX Warning: Label `fig:CSS_System' multiply defined.


LaTeX Warning: Label `fig:CSS_System' multiply defined.


LaTeX Warning: Label `fig:CSS_System' multiply defined.


LaTeX Warning: Label `Code' multiply defined.


LaTeX Warning: Label `fig:HomeSeite1' multiply defined.


LaTeX Warning: Label `fig:Energiesystem auswählen ' multiply defined.


LaTeX Warning: Label `fig:Energiesystem auswählen ' multiply defined.


LaTeX Warning: Label `Code' multiply defined.


LaTeX Warning: Label `fig:Energiesystem auswählen ' multiply defined.


LaTeX Warning: Label `fig:Energiesystem auswählen ' multiply defined.


LaTeX Warning: Label `fig:Energiesystem auswählen ' multiply defined.


LaTeX Warning: Label `fig:Energiesystem auswählen ' multiply defined.


LaTeX Warning: Label `fig:Energiesystem auswählen ' multiply defined.

))
\openout1 = `main.aux'.

LaTeX Font Info:    Checking defaults for OML/cmm/m/it on input line 155.
LaTeX Font Info:    ... okay on input line 155.
LaTeX Font Info:    Checking defaults for OMS/cmsy/m/n on input line 155.
LaTeX Font Info:    ... okay on input line 155.
LaTeX Font Info:    Checking defaults for OT1/cmr/m/n on input line 155.
LaTeX Font Info:    ... okay on input line 155.
LaTeX Font Info:    Checking defaults for T1/cmr/m/n on input line 155.
LaTeX Font Info:    ... okay on input line 155.
LaTeX Font Info:    Checking defaults for TS1/cmr/m/n on input line 155.
LaTeX Font Info:    ... okay on input line 155.
LaTeX Font Info:    Checking defaults for OMX/cmex/m/n on input line 155.
LaTeX Font Info:    ... okay on input line 155.
LaTeX Font Info:    Checking defaults for U/cmr/m/n on input line 155.
LaTeX Font Info:    ... okay on input line 155.
LaTeX Font Info:    Checking defaults for PD1/pdf/m/n on input line 155.
LaTeX Font Info:    ... okay on input line 155.
LaTeX Font Info:    Checking defaults for PU/pdf/m/n on input line 155.
LaTeX Font Info:    ... okay on input line 155.
 (/usr/local/texlive/2021/texmf-dist/tex/context/base/mkii/supp-pdf.mkii
[Loading MPS to PDF converter (version 2006.09.02).]
\scratchcounter=\count357
\scratchdimen=\dimen312
\scratchbox=\box124
\nofMPsegments=\count358
\nofMParguments=\count359
\everyMPshowfont=\toks50
\MPscratchCnt=\count360
\MPscratchDim=\dimen313
\MPnumerator=\count361
\makeMPintoPDFobject=\count362
\everyMPtoPDFconversion=\toks51
) (/usr/local/texlive/2021/texmf-dist/tex/latex/epstopdf-pkg/epstopdf-base.sty
Package: epstopdf-base 2020-01-24 v2.11 Base part for package epstopdf
Package epstopdf-base Info: Redefining graphics rule for `.eps' on input line 4
85.

(/usr/local/texlive/2021/texmf-dist/tex/latex/latexconfig/epstopdf-sys.cfg
File: epstopdf-sys.cfg 2010/07/13 v1.3 Configuration of (r)epstopdf for TeX Liv
e
))
Package lastpage Info: Please have a look at the pageslts package at
(lastpage)             https://www.ctan.org/pkg/pageslts
(lastpage)             ! on input line 155.
Package caption Info: Begin \AtBeginDocument code.
Package caption Info: hyperref package is loaded.
Package caption Info: listings package is loaded.
Package caption Info: End \AtBeginDocument code.
Package hyperref Info: Link coloring OFF on input line 155.

(/usr/local/texlive/2021/texmf-dist/tex/latex/hyperref/nameref.sty
Package: nameref 2021-04-02 v2.47 Cross-referencing by name of section

(/usr/local/texlive/2021/texmf-dist/tex/latex/refcount/refcount.sty
Package: refcount 2019/12/15 v3.6 Data extraction from label references (HO)
)
(/usr/local/texlive/2021/texmf-dist/tex/generic/gettitlestring/gettitlestring.s
ty
Package: gettitlestring 2019/12/15 v1.6 Cleanup title references (HO)
)
\c@section@level=\count363
)
LaTeX Info: Redefining \ref on input line 155.
LaTeX Info: Redefining \pageref on input line 155.
LaTeX Info: Redefining \nameref on input line 155.
 (./main.out) (./main.out)
\@outlinefile=\write4
\openout4 = `main.out'.


(/usr/local/texlive/2021/texmf-dist/tex/latex/pdflscape/pdflscape.sty
Package: pdflscape 2019/12/05 v0.12 Display of landscape pages in PDF (HO)

(/usr/local/texlive/2021/texmf-dist/tex/latex/graphics/lscape.sty
Package: lscape 2020/05/28 v3.02 Landscape Pages (DPC)
)
Package pdflscape Info: Auto-detected driver: pdftex on input line 81.
)
\c@lstlisting=\count364
\openout2 = `titlepage.aux'.


(./titlepage.tex
LaTeX Font Info:    Trying to load font information for OT1+lmr on input line 4
.
 (/usr/local/texlive/2021/texmf-dist/tex/latex/lm/ot1lmr.fd
File: ot1lmr.fd 2015/05/01 v1.6.1 Font defs for Latin Modern
)
LaTeX Font Info:    Trying to load font information for OML+lmm on input line 4
.

(/usr/local/texlive/2021/texmf-dist/tex/latex/lm/omllmm.fd
File: omllmm.fd 2015/05/01 v1.6.1 Font defs for Latin Modern
)
LaTeX Font Info:    Trying to load font information for OMS+lmsy on input line 
4.

(/usr/local/texlive/2021/texmf-dist/tex/latex/lm/omslmsy.fd
File: omslmsy.fd 2015/05/01 v1.6.1 Font defs for Latin Modern
)
LaTeX Font Info:    Trying to load font information for OMX+lmex on input line 
4.

(/usr/local/texlive/2021/texmf-dist/tex/latex/lm/omxlmex.fd
File: omxlmex.fd 2015/05/01 v1.6.1 Font defs for Latin Modern
)
LaTeX Font Info:    External font `lmex10' loaded for size
(Font)              <10> on input line 4.
LaTeX Font Info:    External font `lmex10' loaded for size
(Font)              <7> on input line 4.
LaTeX Font Info:    External font `lmex10' loaded for size
(Font)              <5> on input line 4.
LaTeX Font Info:    Trying to load font information for U+lasy on input line 4.


(/usr/local/texlive/2021/texmf-dist/tex/latex/base/ulasy.fd
File: ulasy.fd 1998/08/17 v2.2e LaTeX symbol font definitions
)
LaTeX Font Info:    Trying to load font information for U+msa on input line 4.

(/usr/local/texlive/2021/texmf-dist/tex/latex/amsfonts/umsa.fd
File: umsa.fd 2013/01/14 v3.01 AMS symbols A
)
LaTeX Font Info:    Trying to load font information for U+msb on input line 4.

(/usr/local/texlive/2021/texmf-dist/tex/latex/amsfonts/umsb.fd
File: umsb.fd 2013/01/14 v3.01 AMS symbols B
)
Package epstopdf Info: Source file: <images/LogoITHTL_white.eps>
(epstopdf)                    date: 2022-02-14 09:45:18
(epstopdf)                    size: 661626 bytes
(epstopdf)             Output file: <images/LogoITHTL_white-eps-converted-to.pd
f>
(epstopdf)                    date: 2022-02-14 09:45:18
(epstopdf)                    size: 37903 bytes
(epstopdf)             Command: <repstopdf --outfile=images/LogoITHTL_white-eps
-converted-to.pdf images/LogoITHTL_white.eps>
(epstopdf)             \includegraphics on input line 6.
Package epstopdf Info: Output file is already uptodate.
<images/LogoITHTL_white-eps-converted-to.pdf, id=577, 223.83624pt x 239.89626pt
>
File: images/LogoITHTL_white-eps-converted-to.pdf Graphic file (type pdf)
<use images/LogoITHTL_white-eps-converted-to.pdf>
Package pdftex.def Info: images/LogoITHTL_white-eps-converted-to.pdf  used on i
nput line 6.
(pdftex.def)             Requested size: 88.20354pt x 94.53285pt.

Overfull \vbox (45.9329pt too high) detected at line 6
 []


Overfull \hbox (3.33333pt too wide) in paragraph at lines 6--7
[]|[]| 
 []

Package epstopdf Info: Source file: <images/htl_logo.eps>
(epstopdf)                    date: 2022-02-14 09:45:18
(epstopdf)                    size: 395441 bytes
(epstopdf)             Output file: <images/htl_logo-eps-converted-to.pdf>
(epstopdf)                    date: 2022-02-14 09:45:18
(epstopdf)                    size: 13656 bytes
(epstopdf)             Command: <repstopdf --outfile=images/htl_logo-eps-conver
ted-to.pdf images/htl_logo.eps>
(epstopdf)             \includegraphics on input line 14.
Package epstopdf Info: Output file is already uptodate.
<images/htl_logo-eps-converted-to.pdf, id=578, 83.31125pt x 83.31125pt>
File: images/htl_logo-eps-converted-to.pdf Graphic file (type pdf)
<use images/htl_logo-eps-converted-to.pdf>
Package pdftex.def Info: images/htl_logo-eps-converted-to.pdf  used on input li
ne 14.
(pdftex.def)             Requested size: 82.51299pt x 82.51906pt.

Overfull \vbox (33.91911pt too high) detected at line 14
 []


Overfull \hbox (6.66666pt too wide) in paragraph at lines 14--16
[]|[]| 
 []


Overfull \hbox (21.77362pt too wide) in paragraph at lines 4--22
[][] 
 []


Underfull \hbox (badness 10000) in paragraph at lines 46--49

 []


Overfull \hbox (16.47781pt too wide) in paragraph at lines 51--54
[]\T1/lmr/m/n/10 5AHITN 
 []


Overfull \hbox (16.47781pt too wide) in paragraph at lines 51--54
\T1/lmr/m/n/10 5AHITN 
 []


Overfull \hbox (16.47781pt too wide) in paragraph at lines 51--54
\T1/lmr/m/n/10 5AHITN 
 []


Underfull \hbox (badness 10000) in paragraph at lines 51--54

 []


Underfull \hbox (badness 10000) in paragraph at lines 44--57

 []


Underfull \hbox (badness 10000) in paragraph at lines 60--65

 []


Underfull \hbox (badness 10000) in paragraph at lines 78--82

 []


Underfull \hbox (badness 10000) in paragraph at lines 85--89

 []

[1{/usr/local/texlive/2021/texmf-var/fonts/map/pdftex/updmap/pdftex.map}


 <./images/LogoITHTL_white-eps-converted-to.pdf> <./images/htl_logo-eps-convert
ed-to.pdf>])
\openout2 = `erklaerung.aux'.

 (./erklaerung.tex
Underfull \hbox (badness 10000) in paragraph at lines 3--7

 []


Underfull \hbox (badness 10000) in paragraph at lines 3--7

 []


Underfull \hbox (badness 10000) in paragraph at lines 3--7

 []


Underfull \hbox (badness 10000) in paragraph at lines 3--7

 []


Underfull \hbox (badness 10000) in paragraph at lines 10--12

 []


Underfull \hbox (badness 10000) in paragraph at lines 10--12

 []


Underfull \hbox (badness 10000) in paragraph at lines 10--12

 []


Underfull \hbox (badness 10000) in paragraph at lines 10--12

 []


Underfull \hbox (badness 10000) in paragraph at lines 10--12

 []


Underfull \hbox (badness 10000) in paragraph at lines 10--12

 []


Overfull \hbox (9.77362pt too wide) in paragraph at lines 14--22
[][] 
 []

) [1





]
\openout2 = `kurzfassung.aux'.

 (./kurzfassung.tex [2




]
\htllogobreite=\skip81
\beschriftungsbreite=\skip82
\feldA=\skip83
\feldB=\skip84
Package epstopdf Info: Source file: <images/htl_logo_beschnitten.eps>
(epstopdf)                    date: 2022-02-14 09:45:18
(epstopdf)                    size: 69064 bytes
(epstopdf)             Output file: <images/htl_logo_beschnitten-eps-converted-
to.pdf>
(epstopdf)                    date: 2022-02-14 09:45:18
(epstopdf)                    size: 12630 bytes
(epstopdf)             Command: <repstopdf --outfile=images/htl_logo_beschnitte
n-eps-converted-to.pdf images/htl_logo_beschnitten.eps>
(epstopdf)             \includegraphics on input line 20.
Package epstopdf Info: Output file is already uptodate.
<images/htl_logo_beschnitten-eps-converted-to.pdf, id=604, 84.315pt x 74.2775pt
>
File: images/htl_logo_beschnitten-eps-converted-to.pdf Graphic file (type pdf)
<use images/htl_logo_beschnitten-eps-converted-to.pdf>
Package pdftex.def Info: images/htl_logo_beschnitten-eps-converted-to.pdf  used
 on input line 20.
(pdftex.def)             Requested size: 82.51299pt x 72.69171pt.

Overfull \vbox (47.19176pt too high) detected at line 20
 []


Overfull \hbox (24.0pt too wide) in paragraph at lines 22--27
[]|[]| 
 []

\feldC=\skip85
\feldD=\skip86
<images/Architektur.png, id=605, 781.92125pt x 390.45876pt>
File: images/Architektur.png Graphic file (type png)
<use images/Architektur.png>
Package pdftex.def Info: images/Architektur.png  used on input line 76.
(pdftex.def)             Requested size: 170.93747pt x 85.35826pt.
\feldE=\skip87
[3

 <./images/htl_logo_beschnitten-eps-converted-to.pdf> <./images/Architektur.png
>]
Package epstopdf Info: Source file: <images/htl_logo_beschnitten.eps>
(epstopdf)                    date: 2022-02-14 09:45:18
(epstopdf)                    size: 69064 bytes
(epstopdf)             Output file: <images/htl_logo_beschnitten-eps-converted-
to.pdf>
(epstopdf)                    date: 2022-02-14 09:45:18
(epstopdf)                    size: 12630 bytes
(epstopdf)             Command: <repstopdf --outfile=images/htl_logo_beschnitte
n-eps-converted-to.pdf images/htl_logo_beschnitten.eps>
(epstopdf)             \includegraphics on input line 115.
Package epstopdf Info: Output file is already uptodate.
File: images/htl_logo_beschnitten-eps-converted-to.pdf Graphic file (type pdf)
<use images/htl_logo_beschnitten-eps-converted-to.pdf>
Package pdftex.def Info: images/htl_logo_beschnitten-eps-converted-to.pdf  used
 on input line 115.
(pdftex.def)             Requested size: 82.51299pt x 72.69171pt.

Overfull \vbox (47.19176pt too high) detected at line 115
 []


Overfull \hbox (24.0pt too wide) in paragraph at lines 118--123
 []|[]| 
 []

) [4

]
\openout2 = `danksagung.aux'.

 (./danksagung.tex) [5




] (./main.toc [1



] [2] [3] [4])
\tf@toc=\write5
\openout5 = `main.toc'.

 [5]pdfTeX warning (ext4): destination with the same identifier (name{page.1}) 
has been already used, duplicate ignored
<to be read again> 
                   \relax 
l.178 \include{einleitung}
                           [1

]
\openout2 = `einleitung.aux'.

 (./einleitung.tex
Kapitel 1.
LaTeX Font Info:    External font `lmex10' loaded for size
(Font)              <8> on input line 11.
LaTeX Font Info:    External font `lmex10' loaded for size
(Font)              <6> on input line 11.
[2


]
Overfull \hbox (47.72981pt too wide) in paragraph at lines 32--35
\T1/lmr/m/n/10 da-zu-ge-h-ri-gen Ener-gie-tech-no-lo-gi-en er-mg-licht. Die V
er-wal-tung ist mit ei-nem rol-len-ba-sier-ten Benutzerauthentifizierungs-
 []

[3]
<images/Team.png, id=818, 641.39626pt x 649.42625pt>
File: images/Team.png Graphic file (type png)
<use images/Team.png>
Package pdftex.def Info: images/Team.png  used on input line 43.
(pdftex.def)             Requested size: 227.61407pt x 227.61969pt.
LaTeX Font Info:    Trying to load font information for TS1+lmr on input line 5
3.
 (/usr/local/texlive/2021/texmf-dist/tex/latex/lm/ts1lmr.fd
File: ts1lmr.fd 2015/05/01 v1.6.1 Font defs for Latin Modern
) [4 <./images/Team.png>]) [5]
\openout2 = `doku.aux'.

 (./doku.tex
Kapitel 2.

Underfull \hbox (badness 10000) in paragraph at lines 6--8

 []

<images/vorhandeneSystemAuftraggeber.png, id=837, 305.14pt x 82.3075pt>
File: images/vorhandeneSystemAuftraggeber.png Graphic file (type png)
<use images/vorhandeneSystemAuftraggeber.png>
Package pdftex.def Info: images/vorhandeneSystemAuftraggeber.png  used on input
 line 11.
(pdftex.def)             Requested size: 284.53618pt x 85.3604pt.
[6




 <./images/vorhandeneSystemAuftraggeber.png>]
Overfull \hbox (11.03687pt too wide) in paragraph at lines 27--28
\T1/lmr/m/n/10 Als Ener-gie-tech-no-lo-gie wird ein Stromer-zeu-ger, Strom-ver-
brau-cher oder ein Ener-gie-spei-cher be-zeich-net. Stromer-
 []


LaTeX Warning: No positions in optional float specifier.
               Default added (so using `tbp') on input line 39.


Overfull \hbox (43.22948pt too wide) in paragraph at lines 40--51
[][] 
 []

[7] [8] [9]
File: images/Architektur.png Graphic file (type png)
<use images/Architektur.png>
Package pdftex.def Info: images/Architektur.png  used on input line 96.
(pdftex.def)             Requested size: 426.78888pt x 227.62207pt.
 [10]
<images/clientseitig.png, id=870, 830.10126pt x 259.97125pt>
File: images/clientseitig.png Graphic file (type png)
<use images/clientseitig.png>
Package pdftex.def Info: images/clientseitig.png  used on input line 120.
(pdftex.def)             Requested size: 341.43303pt x 113.80853pt.
 [11 <./images/clientseitig.png>]

LaTeX Warning: Reference `sec:MVC' on page 12 undefined on input line 129.

<images/LaravelMVC.png, id=881, 767.11594pt x 451.6875pt>
File: images/LaravelMVC.png Graphic file (type png)
<use images/LaravelMVC.png>
Package pdftex.def Info: images/LaravelMVC.png  used on input line 142.
(pdftex.def)             Requested size: 426.79614pt x 227.62827pt.

LaTeX Warning: `h' float specifier changed to `ht'.

[12]
<images/Angular_Logo.png, id=891, 2055.68pt x 2055.68pt>
File: images/Angular_Logo.png Graphic file (type png)
<use images/Angular_Logo.png>
Package pdftex.def Info: images/Angular_Logo.png  used on input line 156.
(pdftex.def)             Requested size: 227.59975pt x 170.69981pt.
 [13 <./images/LaravelMVC.png> <./images/Angular_Logo.png>]
<images/ASP.net_Logo.png, id=899, 1003.75pt x 501.875pt>
File: images/ASP.net_Logo.png Graphic file (type png)
<use images/ASP.net_Logo.png>
Package pdftex.def Info: images/ASP.net_Logo.png  used on input line 167.
(pdftex.def)             Requested size: 227.61066pt x 170.71947pt.

Overfull \hbox (39.40402pt too wide) in paragraph at lines 173--174
[]\T1/lmr/m/n/10 Genaure In-for-ma-tio-ne zu ASP.Net kn-nen un-ter der Quel-le
 xy (https://asp.mvc-tutorial.com/de/421/einfuhrung/was-
 []

[14 <./images/ASP.net_Logo.png>]
<images/React_Logo.png, id=908, 2308.625pt x 2007.5pt>
File: images/React_Logo.png Graphic file (type png)
<use images/React_Logo.png>
Package pdftex.def Info: images/React_Logo.png  used on input line 182.
(pdftex.def)             Requested size: 199.13673pt x 142.25475pt.
 [15 <./images/React_Logo.png>]
Overfull \hbox (32.96156pt too wide) in paragraph at lines 194--216
[][] 
 []

[16]
<images/Bootstrap.png, id=923, 301.125pt x 240.9pt>
File: images/Bootstrap.png Graphic file (type png)
<use images/Bootstrap.png>
Package pdftex.def Info: images/Bootstrap.png  used on input line 233.
(pdftex.def)             Requested size: 284.55542pt x 227.62964pt.

Overfull \hbox (10.53694pt too wide) in paragraph at lines 229--237
\T1/lmr/m/n/10 chen-ge-stal-tun-gen be-reit. Boot-strap ist welt-weit ei-nes de
r be-kann-tes-ten und be-lieb-tes-ten Front-End-Frameworks.
 []

[17 <./images/Bootstrap.png (PNG copy)>]
<images/Tailwind.jpg, id=930, 2208.25pt x 1104.125pt>
File: images/Tailwind.jpg Graphic file (type jpg)
<use images/Tailwind.jpg>
Package pdftex.def Info: images/Tailwind.jpg  used on input line 243.
(pdftex.def)             Requested size: 284.52174pt x 227.61066pt.
 [18 <./images/Tailwind.jpg>]
<images/vuejs.jpg, id=939, 630.355pt x 354.32375pt>
File: images/vuejs.jpg Graphic file (type jpg)
<use images/vuejs.jpg>
Package pdftex.def Info: images/vuejs.jpg  used on input line 254.
(pdftex.def)             Requested size: 227.62015pt x 170.71684pt.
 [19 <./images/vuejs.jpg>]
Overfull \hbox (44.60756pt too wide) in paragraph at lines 266--314
[][] 
 []

[20] [21] (/usr/local/texlive/2021/texmf-dist/tex/latex/listings/lstlang1.sty
File: lstlang1.sty 2020/03/24 1.8d listings language file
)
Package hyperref Info: bookmark level for unknown lstlisting defaults to 0 on i
nput line 366.
LaTeX Font Info:    Trying to load font information for T1+lmtt on input line 3
67.

(/usr/local/texlive/2021/texmf-dist/tex/latex/lm/t1lmtt.fd
File: t1lmtt.fd 2015/05/01 v1.6.1 Font defs for Latin Modern
) [22]

LaTeX Warning: Reference `sec:Gooogle Maps' on page 23 undefined on input line 
437.

<images/GoogleMapsLogo.png, id=991, 513.92pt x 513.92pt>
File: images/GoogleMapsLogo.png Graphic file (type png)
<use images/GoogleMapsLogo.png>
Package pdftex.def Info: images/GoogleMapsLogo.png  used on input line 445.
(pdftex.def)             Requested size: 199.1733pt x 142.26552pt.

LaTeX Warning: `h' float specifier changed to `ht'.

[23]
<images/OpenStreetMap_Logo.png, id=1000, 1204.5pt x 1204.5pt>
File: images/OpenStreetMap_Logo.png Graphic file (type png)
<use images/OpenStreetMap_Logo.png>
Package pdftex.def Info: images/OpenStreetMap_Logo.png  used on input line 457.

(pdftex.def)             Requested size: 199.15665pt x 142.25475pt.
 [24 <./images/GoogleMapsLogo.png> <./images/OpenStreetMap_Logo.png>]
<images/CSS_System.png, id=1009, 425.33907pt x 240.9pt>
File: images/CSS_System.png Graphic file (type png)
<use images/CSS_System.png>
Package pdftex.def Info: images/CSS_System.png  used on input line 473.
(pdftex.def)             Requested size: 284.54085pt x 170.72038pt.

[25 <./images/CSS_System.png>]
Overfull \hbox (56.99875pt too wide) in paragraph at lines 492--520
[][] 
 []

[26] [27] [28]
Overfull \hbox (13.09334pt too wide) in paragraph at lines 591--592
\T1/lmr/m/n/10 ge-nom-men wer-den. Am An-fang ei-ner neu-en Sei-te muss die-ser
 Co-de ein-ge-fgt wer-den: ex-tends('layoutfilenname').
 []

[29] [30] [31]
<images/ResourceRoute.png, id=1068, 455.7025pt x 276.03125pt>
File: images/ResourceRoute.png Graphic file (type png)
<use images/ResourceRoute.png>
Package pdftex.def Info: images/ResourceRoute.png  used on input line 829.
(pdftex.def)             Requested size: 256.0817pt x 170.72482pt.
 [32 <./images/ResourceRoute.png>]
<images/GETRoute.png, id=1080, 455.7025pt x 158.5925pt>
File: images/GETRoute.png Graphic file (type png)
<use images/GETRoute.png>
Package pdftex.def Info: images/GETRoute.png  used on input line 840.
(pdftex.def)             Requested size: 455.25635pt x 170.73041pt.
 [33 <./images/GETRoute.png>]
<images/MVC.png, id=1087, 455.7025pt x 159.59625pt>
File: images/MVC.png Graphic file (type png)
<use images/MVC.png>
Package pdftex.def Info: images/MVC.png  used on input line 854.
(pdftex.def)             Requested size: 512.16339pt x 170.71758pt.

Overfull \hbox (42.69293pt too wide) in paragraph at lines 854--855
 [][] 
 []

[34 <./images/MVC.png>]
Kapitel 3.
<images/GrafanaEinbindung.png, id=1096, 455.20062pt x 187.19937pt>
File: images/GrafanaEinbindung.png Graphic file (type png)
<use images/GrafanaEinbindung.png>
Package pdftex.def Info: images/GrafanaEinbindung.png  used on input line 886.
(pdftex.def)             Requested size: 512.16194pt x 170.72588pt.

Overfull \hbox (42.69148pt too wide) in paragraph at lines 886--887
 [][] 
 []

[35

] [36 <./images/GrafanaEinbindung.png>] [37] [38]
<images/ERModel.png, id=1119, 455.45157pt x 374.14781pt>
File: images/ERModel.png Graphic file (type png)
<use images/ERModel.png>
Package pdftex.def Info: images/ERModel.png  used on input line 947.
(pdftex.def)             Requested size: 512.15936pt x 455.26646pt.

Overfull \hbox (42.6889pt too wide) in paragraph at lines 947--948
 [][] 
 []


LaTeX Warning: `h' float specifier changed to `ht'.

[39] [40 <./images/ERModel.png>]
<images/DesignVorschlag1.png, id=1132, 909.3975pt x 510.40688pt>
File: images/DesignVorschlag1.png Graphic file (type png)
<use images/DesignVorschlag1.png>
Package pdftex.def Info: images/DesignVorschlag1.png  used on input line 980.
(pdftex.def)             Requested size: 341.43951pt x 170.71672pt.


LaTeX Warning: `h' float specifier changed to `ht'.

[41]
<images/DesignVorschlag2.png, id=1137, 544.28343pt x 621.07031pt>
File: images/DesignVorschlag2.png Graphic file (type png)
<use images/DesignVorschlag2.png>
Package pdftex.def Info: images/DesignVorschlag2.png  used on input line 987.
(pdftex.def)             Requested size: 312.97716pt x 341.42862pt.
<images/DesignVorschlag3.png, id=1138, 749.04843pt x 418.56375pt>
File: images/DesignVorschlag3.png Graphic file (type png)
<use images/DesignVorschlag3.png>
Package pdftex.def Info: images/DesignVorschlag3.png  used on input line 993.
(pdftex.def)             Requested size: 341.43477pt x 199.16472pt.


LaTeX Warning: `h' float specifier changed to `ht'.

[42 <./images/DesignVorschlag1.png> <./images/DesignVorschlag2.png>]
<images/FinalerVorschlag.png, id=1150, 598.48593pt x 333.49594pt>
File: images/FinalerVorschlag.png Graphic file (type png)
<use images/FinalerVorschlag.png>
Package pdftex.def Info: images/FinalerVorschlag.png  used on input line 1017.
(pdftex.def)             Requested size: 341.44188pt x 199.17294pt.


LaTeX Warning: `h' float specifier changed to `ht'.

[43 <./images/DesignVorschlag3.png>]
<images/DefinierteFarben.png, id=1160, 171.039pt x 468.7914pt>
File: images/DefinierteFarben.png Graphic file (type png)
<use images/DefinierteFarben.png>
Package pdftex.def Info: images/DefinierteFarben.png  used on input line 1029.
(pdftex.def)             Requested size: 113.81519pt x 426.79398pt.


LaTeX Warning: `h' float specifier changed to `ht'.

[44 <./images/FinalerVorschlag.png>]
Underfull \hbox (badness 10000) in paragraph at lines 1034--1058

 []

[45 <./images/DefinierteFarben.png>] [46]
<images/UberschrieftenImFließtext.png, id=1178, 1300.1072pt x 529.22719pt>
File: images/UberschrieftenImFließtext.png Graphic file (type png)
<use images/UberschrieftenImFließtext.png>
Package pdftex.def Info: images/UberschrieftenImFließtext.png  used on input l
ine 1072.
(pdftex.def)             Requested size: 398.32745pt x 227.61978pt.
<images/ImpressumUberschrift.png, id=1179, 785.93625pt x 529.98pt>
File: images/ImpressumUberschrift.png Graphic file (type png)
<use images/ImpressumUberschrift.png>
Package pdftex.def Info: images/ImpressumUberschrift.png  used on input line 10
78.
(pdftex.def)             Requested size: 398.35175pt x 227.62009pt.
 [47 <./images/UberschrieftenImFließtext.png> <./images/ImpressumUberschrift.p
ng>]
<images/InteraktionDataTable.png, id=1188, 1336.24219pt x 634.62094pt>
File: images/InteraktionDataTable.png Graphic file (type png)
<use images/InteraktionDataTable.png>
Package pdftex.def Info: images/InteraktionDataTable.png  used on input line 10
88.
(pdftex.def)             Requested size: 426.79066pt x 227.6209pt.
<images/InteraktionDropDown.png, id=1189, 1332.47812pt x 651.93562pt>
File: images/InteraktionDropDown.png Graphic file (type png)
<use images/InteraktionDropDown.png>
Package pdftex.def Info: images/InteraktionDropDown.png  used on input line 109
4.
(pdftex.def)             Requested size: 426.78801pt x 227.62381pt.
<images/HubaliBeispielstext.png, id=1190, 271.76532pt x 56.46094pt>
File: images/HubaliBeispielstext.png Graphic file (type png)
<use images/HubaliBeispielstext.png>
Package pdftex.def Info: images/HubaliBeispielstext.png  used on input line 110
3.
(pdftex.def)             Requested size: 142.26839pt x 56.90877pt.
<images/BeispielstextSmothSans.png, id=1191, 200.24812pt x 61.73062pt>
File: images/BeispielstextSmothSans.png Graphic file (type png)
<use images/BeispielstextSmothSans.png>
Package pdftex.def Info: images/BeispielstextSmothSans.png  used on input line 
1109.
(pdftex.def)             Requested size: 142.27188pt x 56.90869pt.
 [48 <./images/InteraktionDataTable.png> <./images/InteraktionDropDown.png>]
<images/Header.png, id=1200, 877.77937pt x 82.05656pt>
File: images/Header.png Graphic file (type png)
<use images/Header.png>
Package pdftex.def Info: images/Header.png  used on input line 1118.
(pdftex.def)             Requested size: 455.25586pt x 85.35933pt.
 [49 <./images/HubaliBeispielstext.png> <./images/BeispielstextSmothSans.png> <
./images/Header.png>]
<images/Logo1.png, id=1211, 978.65625pt x 301.125pt>
File: images/Logo1.png Graphic file (type png)
<use images/Logo1.png>
Package pdftex.def Info: images/Logo1.png  used on input line 1128.
(pdftex.def)             Requested size: 398.3397pt x 85.35744pt.
<images/Logo2.jpg, id=1212, 1806.75pt x 301.125pt>
File: images/Logo2.jpg Graphic file (type jpg)
<use images/Logo2.jpg>
Package pdftex.def Info: images/Logo2.jpg  used on input line 1135.
(pdftex.def)             Requested size: 398.34087pt x 85.35744pt.


LaTeX Warning: No positions in optional float specifier.
               Default added (so using `tbp') on input line 1145.

<images/Icons/AzSpeicherES.png, id=1213, 18.469pt x 18.469pt>
File: images/Icons/AzSpeicherES.png Graphic file (type png)
<use images/Icons/AzSpeicherES.png>
Package pdftex.def Info: images/Icons/AzSpeicherES.png  used on input line 1148
.
(pdftex.def)             Requested size: 28.45302pt x 28.45302pt.
<images/Icons/AzETES.png, id=1214, 17.31468pt x 18.82031pt>
File: images/Icons/AzETES.png Graphic file (type png)
<use images/Icons/AzETES.png>
Package pdftex.def Info: images/Icons/AzETES.png  used on input line 1149.
(pdftex.def)             Requested size: 28.45276pt x 28.45552pt.
<images/Icons/BildET.png, id=1215, 33.45833pt x 29.44333pt>
File: images/Icons/BildET.png Graphic file (type png)
<use images/Icons/BildET.png>
Package pdftex.def Info: images/Icons/BildET.png  used on input line 1150.
(pdftex.def)             Requested size: 28.45348pt x 28.45439pt.

LaTeX Warning: Float too large for page by 206.2303pt on input line 1201.

[50 <./images/Logo1.png> <./images/Logo2.jpg>] [51 <./images/Icons/AzSpeicherES
.png> <./images/Icons/AzETES.png> <./images/Icons/BildET.png>]
<images/MapIcons.png, id=1232, 802.49812pt x 459.21562pt>
File: images/MapIcons.png Graphic file (type png)
<use images/MapIcons.png>
Package pdftex.def Info: images/MapIcons.png  used on input line 1207.
(pdftex.def)             Requested size: 284.52759pt x 170.71992pt.
<images/Icons/esrot.png, id=1233, 22.58438pt x 32.37094pt>
File: images/Icons/esrot.png Graphic file (type png)
<use images/Icons/esrot.png>
Package pdftex.def Info: images/Icons/esrot.png  used on input line 1215.
(pdftex.def)             Requested size: 28.45299pt x 28.4539pt.
<images/Icons/etrot.png, id=1234, 22.87025pt x 38.42203pt>
File: images/Icons/etrot.png Graphic file (type png)
<use images/Icons/etrot.png>
Package pdftex.def Info: images/Icons/etrot.png  used on input line 1221.
(pdftex.def)             Requested size: 28.4537pt x 28.45236pt.
<images/IconsInÜbersichten.png, id=1235, 277.78781pt x 456.95718pt>
File: images/IconsInÜbersichten.png Graphic file (type png)
<use images/IconsInÜbersichten.png>
Package pdftex.def Info: images/IconsInÜbersichten.png  used on input line 123
2.
(pdftex.def)             Requested size: 142.2633pt x 284.53769pt.


LaTeX Warning: `h' float specifier changed to `ht'.

[52 <./images/MapIcons.png> <./images/Icons/esrot.png> <./images/Icons/etrot.pn
g>]
<images/IconsInFormularen.png, id=1246, 277.78781pt x 313.17pt>
File: images/IconsInFormularen.png Graphic file (type png)
<use images/IconsInFormularen.png>
Package pdftex.def Info: images/IconsInFormularen.png  used on input line 1239.

(pdftex.def)             Requested size: 142.2633pt x 170.71965pt.
 [53 <./images/IconsInÜbersichten.png> <./images/IconsInFormularen.png>]
<images/IconAutorVerlinkungen.png, id=1255, 270.25969pt x 267.24844pt>
File: images/IconAutorVerlinkungen.png Graphic file (type png)
<use images/IconAutorVerlinkungen.png>
Package pdftex.def Info: images/IconAutorVerlinkungen.png  used on input line 1
247.
(pdftex.def)             Requested size: 199.17252pt x 284.55836pt.

[54 <./images/IconAutorVerlinkungen.png>]
<images/Icons/statistik.png, id=1262, 17.31468pt x 17.31468pt>
File: images/Icons/statistik.png Graphic file (type png)
<use images/Icons/statistik.png>
Package pdftex.def Info: images/Icons/statistik.png  used on input line 1259.
(pdftex.def)             Requested size: 28.45276pt x 28.45276pt.
<images/Icons/delete.png, id=1263, 17.31468pt x 17.31468pt>
File: images/Icons/delete.png Graphic file (type png)
<use images/Icons/delete.png>
Package pdftex.def Info: images/Icons/delete.png  used on input line 1260.
(pdftex.def)             Requested size: 28.45276pt x 28.45276pt.
<images/Icons/auge.png, id=1264, 22.58438pt x 15.05624pt>
File: images/Icons/auge.png Graphic file (type png)
<use images/Icons/auge.png>
Package pdftex.def Info: images/Icons/auge.png  used on input line 1261.
(pdftex.def)             Requested size: 42.68327pt x 28.4555pt.
<images/Icons/stift.png, id=1265, 14.70982pt x 14.70982pt>
File: images/Icons/stift.png Graphic file (type png)
<use images/Icons/stift.png>
Package pdftex.def Info: images/Icons/stift.png  used on input line 1262.
(pdftex.def)             Requested size: 28.45418pt x 28.45418pt.

Overfull \hbox (16.82939pt too wide) in paragraph at lines 1256--1264
[][] 
 []

<images/IconsImDatatable.png, id=1266, 551.81157pt x 345.54094pt>
File: images/IconsImDatatable.png Graphic file (type png)
<use images/IconsImDatatable.png>
Package pdftex.def Info: images/IconsImDatatable.png  used on input line 1271.
(pdftex.def)             Requested size: 426.80756pt x 284.53171pt.
[55 <./images/Icons/statistik.png> <./images/Icons/delete.png> <./images/Icons/
auge.png> <./images/Icons/stift.png> <./images/IconsImDatatable.png>] [56]
<images/ESerstellenPop.png, id=1284, 332.442pt x 274.626pt>
File: images/ESerstellenPop.png Graphic file (type png)
<use images/ESerstellenPop.png>
Package pdftex.def Info: images/ESerstellenPop.png  used on input line 1332.
(pdftex.def)             Requested size: 256.0775pt x 227.62103pt.


LaTeX Warning: `h' float specifier changed to `ht'.

[57]
<images/ESerstellen.png, id=1290, 537.207pt x 259.56975pt>
File: images/ESerstellen.png Graphic file (type png)
<use images/ESerstellen.png>
Package pdftex.def Info: images/ESerstellen.png  used on input line 1342.
(pdftex.def)             Requested size: 398.34666pt x 199.17223pt.
<images/ESbearbeitenPop.png, id=1291, 217.41225pt x 554.67226pt>
File: images/ESbearbeitenPop.png Graphic file (type png)
<use images/ESbearbeitenPop.png>
Package pdftex.def Info: images/ESbearbeitenPop.png  used on input line 1356.
(pdftex.def)             Requested size: 170.71873pt x 455.2489pt.
 [58 <./images/ESerstellenPop.png> <./images/ESerstellen.png>] [59 <./images/ES
bearbeitenPop.png>]
<images/ESbearbeiten.png, id=1308, 543.2295pt x 268.00125pt>
File: images/ESbearbeiten.png Graphic file (type png)
<use images/ESbearbeiten.png>
Package pdftex.def Info: images/ESbearbeiten.png  used on input line 1381.
(pdftex.def)             Requested size: 398.34465pt x 199.1684pt.
<images/ESlöschen.png, id=1309, 532.389pt x 215.00325pt>
File: images/ESlöschen.png Graphic file (type png)
<use images/ESlöschen.png>
Package pdftex.def Info: images/ESlöschen.png  used on input line 1393.
(pdftex.def)             Requested size: 398.3403pt x 199.17014pt.
 [60 <./images/ESbearbeiten.png>] [61 <./images/ESlöschen.png>]
<images/ETerstellenPop.png, id=1324, 364.9635pt x 407.121pt>
File: images/ETerstellenPop.png Graphic file (type png)
<use images/ETerstellenPop.png>
Package pdftex.def Info: images/ETerstellenPop.png  used on input line 1422.
(pdftex.def)             Requested size: 170.7198pt x 227.6259pt.
 [62 <./images/ETerstellenPop.png>]
<images/ETerstellen.png, id=1333, 545.03625pt x 319.79475pt>
File: images/ETerstellen.png Graphic file (type png)
<use images/ETerstellen.png>
Package pdftex.def Info: images/ETerstellen.png  used on input line 1430.
(pdftex.def)             Requested size: 398.33888pt x 199.17343pt.
 [63 <./images/ETerstellen.png>]
<images/ETbearbeitenPop.png, id=1340, 368.577pt x 423.984pt>
File: images/ETbearbeitenPop.png Graphic file (type png)
<use images/ETbearbeitenPop.png>
Package pdftex.def Info: images/ETbearbeitenPop.png  used on input line 1441.
(pdftex.def)             Requested size: 227.62677pt x 312.9863pt.

[64 <./images/ETbearbeitenPop.png>]
<images/ETbearbeiten.png, id=1348, 536.60475pt x 337.86224pt>
File: images/ETbearbeiten.png Graphic file (type png)
<use images/ETbearbeiten.png>
Package pdftex.def Info: images/ETbearbeiten.png  used on input line 1455.
(pdftex.def)             Requested size: 398.34222pt x 199.16685pt.
 [65 <./images/ETbearbeiten.png>]
<images/ETlöschen.png, id=1355, 549.252pt x 283.0575pt>
File: images/ETlöschen.png Graphic file (type png)
<use images/ETlöschen.png>
Package pdftex.def Info: images/ETlöschen.png  used on input line 1466.
(pdftex.def)             Requested size: 398.33578pt x 199.17548pt.
 [66 <./images/ETlöschen.png>]
Underfull \hbox (badness 10000) in paragraph at lines 1481--1483

 []

<images/Adresssuchfeld.png, id=1363, 322.806pt x 40.35075pt>
File: images/Adresssuchfeld.png Graphic file (type png)
<use images/Adresssuchfeld.png>
Package pdftex.def Info: images/Adresssuchfeld.png  used on input line 1510.
(pdftex.def)             Requested size: 426.81944pt x 56.90933pt.
[67 <./images/Adresssuchfeld.png>]
<images/Vorschläge.png, id=1375, 325.81725pt x 177.66376pt>
File: images/Vorschläge.png Graphic file (type png)
<use images/Vorschläge.png>
Package pdftex.def Info: images/Vorschläge.png  used on input line 1529.
(pdftex.def)             Requested size: 426.79387pt x 199.17451pt.

Underfull \hbox (badness 10000) in paragraph at lines 1525--1534

 []

[68 <./images/Vorschläge.png>]
<images/Adresssuche.png, id=1383, 532.389pt x 269.808pt>
File: images/Adresssuche.png Graphic file (type png)
<use images/Adresssuche.png>
Package pdftex.def Info: images/Adresssuche.png  used on input line 1542.
(pdftex.def)             Requested size: 398.3403pt x 199.17311pt.

Underfull \hbox (badness 10000) in paragraph at lines 1536--1547

 []

[69 <./images/Adresssuche.png>]
<images/HomeSeite1.png, id=1390, 1445.4pt x 465.99094pt>
File: images/HomeSeite1.png Graphic file (type png)
<use images/HomeSeite1.png>
Package pdftex.def Info: images/HomeSeite1.png  used on input line 1565.
(pdftex.def)             Requested size: 398.33534pt x 199.17053pt.
<images/HomeSeite2.png, id=1391, 1439.3775pt x 707.64375pt>
File: images/HomeSeite2.png Graphic file (type png)
<use images/HomeSeite2.png>
Package pdftex.def Info: images/HomeSeite2.png  used on input line 1571.
(pdftex.def)             Requested size: 398.34482pt x 199.16469pt.


LaTeX Warning: `h' float specifier changed to `ht'.

<images/EnergiesystemSeite.png, id=1392, 1444.64719pt x 683.55376pt>
File: images/EnergiesystemSeite.png Graphic file (type png)
<use images/EnergiesystemSeite.png>
Package pdftex.def Info: images/EnergiesystemSeite.png  used on input line 1580
.
(pdftex.def)             Requested size: 398.32628pt x 170.71071pt.
[70 <./images/HomeSeite1.png>] [71 <./images/HomeSeite2.png> <./images/Energies
ystemSeite.png>]
<images/GalerieSeite.png, id=1409, 1445.4pt x 663.22781pt>
File: images/GalerieSeite.png Graphic file (type png)
<use images/GalerieSeite.png>
Package pdftex.def Info: images/GalerieSeite.png  used on input line 1590.
(pdftex.def)             Requested size: 398.33534pt x 170.71475pt.
<images/ImpressumSeite.png, id=1410, 1445.4pt x 721.94719pt>
File: images/ImpressumSeite.png Graphic file (type png)
<use images/ImpressumSeite.png>
Package pdftex.def Info: images/ImpressumSeite.png  used on input line 1601.
(pdftex.def)             Requested size: 398.33534pt x 170.71515pt.
 [72 <./images/GalerieSeite.png> <./images/ImpressumSeite.png>]
<images/DSGVOSeite.png, id=1421, 1445.4pt x 715.92468pt>
File: images/DSGVOSeite.png Graphic file (type png)
<use images/DSGVOSeite.png>
Package pdftex.def Info: images/DSGVOSeite.png  used on input line 1610.
(pdftex.def)             Requested size: 398.33534pt x 170.71117pt.
<images/RegisterSeite.png, id=1422, 1445.4pt x 689.57625pt>
File: images/RegisterSeite.png Graphic file (type png)
<use images/RegisterSeite.png>
Package pdftex.def Info: images/RegisterSeite.png  used on input line 1618.
(pdftex.def)             Requested size: 398.33534pt x 199.1723pt.
[73 <./images/DSGVOSeite.png> <./images/RegisterSeite.png>]
<images/LoginFeld.png, id=1433, 334.24875pt x 228.10219pt>
File: images/LoginFeld.png Graphic file (type png)
<use images/LoginFeld.png>
Package pdftex.def Info: images/LoginFeld.png  used on input line 1630.
(pdftex.def)             Requested size: 199.17372pt x 142.26765pt.
<images/RegisterFormular.png, id=1434, 338.01282pt x 249.18094pt>
File: images/RegisterFormular.png Graphic file (type png)
<use images/RegisterFormular.png>
Package pdftex.def Info: images/RegisterFormular.png  used on input line 1645.
(pdftex.def)             Requested size: 142.2687pt x 85.35535pt.
 [74 <./images/LoginFeld.png> <./images/RegisterFormular.png>]
<images/ESauswählen.png, id=1444, 567.92175pt x 327.624pt>
File: images/ESauswählen.png Graphic file (type png)
<use images/ESauswählen.png>
Package pdftex.def Info: images/ESauswählen.png  used on input line 1662.
(pdftex.def)             Requested size: 398.34843pt x 199.17545pt.
 [75 <./images/ESauswählen.png>]
<images/ESabwählen.png, id=1452, 564.9105pt x 227.6505pt>
File: images/ESabwählen.png Graphic file (type png)
<use images/ESabwählen.png>
Package pdftex.def Info: images/ESabwählen.png  used on input line 1674.
(pdftex.def)             Requested size: 398.33954pt x 199.17632pt.

[76 <./images/ESabwählen.png>]
<images/SetESMarker.png, id=1460, 505.28775pt x 181.8795pt>
File: images/SetESMarker.png Graphic file (type png)
<use images/SetESMarker.png>
Package pdftex.def Info: images/SetESMarker.png  used on input line 1691.
(pdftex.def)             Requested size: 398.34026pt x 199.17165pt.
 [77 <./images/SetESMarker.png>]
<images/SetETMarker.png, id=1468, 513.117pt x 313.77225pt>
File: images/SetETMarker.png Graphic file (type png)
<use images/SetETMarker.png>
Package pdftex.def Info: images/SetETMarker.png  used on input line 1702.
(pdftex.def)             Requested size: 398.35057pt x 199.17134pt.

Overfull \hbox (23.06476pt too wide) in paragraph at lines 1698--1706
\T1/lmr/m/n/10 stellt und auf der Kar-te pr-sen-tiert. Die Ab-bil-dung x.y ste
llt den Ab-lauf fr das Plat-zie-ren der Energietechnologien-
 []

[78 <./images/SetETMarker.png>]
<images/DataTableStandard.png, id=1477, 359.9046pt x 168.63pt>
File: images/DataTableStandard.png Graphic file (type png)
<use images/DataTableStandard.png>
Package pdftex.def Info: images/DataTableStandard.png  used on input line 1758.

(pdftex.def)             Requested size: 398.36754pt x 199.17464pt.
<images/DataTableIndividuell.png, id=1478, 357.0138pt x 172.0026pt>
File: images/DataTableIndividuell.png Graphic file (type png)
<use images/DataTableIndividuell.png>
Package pdftex.def Info: images/DataTableIndividuell.png  used on input line 17
71.
(pdftex.def)             Requested size: 398.34917pt x 199.17145pt.
 [79 <./images/DataTableStandard.png>] [80 <./images/DataTableIndividuell.png>]
<images/MoveToMarker.png, id=1497, 500.46976pt x 188.50426pt>
File: images/MoveToMarker.png Graphic file (type png)
<use images/MoveToMarker.png>
Package pdftex.def Info: images/MoveToMarker.png  used on input line 1805.
(pdftex.def)             Requested size: 398.36029pt x 199.17212pt.


LaTeX Warning: `h' float specifier changed to `ht'.

[81]
<images/GalerieDropDown.png, id=1502, 455.301pt x 92.5056pt>
File: images/GalerieDropDown.png Graphic file (type png)
<use images/GalerieDropDown.png>
Package pdftex.def Info: images/GalerieDropDown.png  used on input line 1822.
(pdftex.def)             Requested size: 398.35265pt x 85.36307pt.
 [82 <./images/MoveToMarker.png> <./images/GalerieDropDown.png>]
<images/GalerieET.png, id=1511, 455.301pt x 184.5294pt>
File: images/GalerieET.png Graphic file (type png)
<use images/GalerieET.png>
Package pdftex.def Info: images/GalerieET.png  used on input line 1836.
(pdftex.def)             Requested size: 398.35265pt x 170.72644pt.
 [83 <./images/GalerieET.png>]
<images/DashboardErstellen.png, id=1518, 455.45157pt x 255.20343pt>
File: images/DashboardErstellen.png Graphic file (type png)
<use images/DashboardErstellen.png>
Package pdftex.def Info: images/DashboardErstellen.png  used on input line 1850
.
(pdftex.def)             Requested size: 398.3454pt x 199.17859pt.
<images/PanelErstellen.png, id=1519, 455.45157pt x 259.7203pt>
File: images/PanelErstellen.png Graphic file (type png)
<use images/PanelErstellen.png>
Package pdftex.def Info: images/PanelErstellen.png  used on input line 1860.
(pdftex.def)             Requested size: 398.3454pt x 199.16887pt.


LaTeX Warning: `h' float specifier changed to `ht'.

<images/Statistikanzeigen.png, id=1520, 261.97874pt x 261.22594pt>
File: images/Statistikanzeigen.png Graphic file (type png)
<use images/Statistikanzeigen.png>
Package pdftex.def Info: images/Statistikanzeigen.png  used on input line 1870.

(pdftex.def)             Requested size: 398.35175pt x 199.17151pt.
[84 <./images/DashboardErstellen.png>] [85 <./images/PanelErstellen.png> <./ima
ges/Statistikanzeigen.png>] [86] [87]
Kapitel 4.
[88

]
Kapitel 5.
[89

] (./main.lof [90

] [91])
\tf@lof=\write6
\openout6 = `main.lof'.

 [92] (./main.lot)
\tf@lot=\write7
\openout7 = `main.lot'.

 [93

]
Kapitel 6.
[94

]
Kapitel 7.
[95

]
Kapitel 8.

Underfull \hbox (badness 10000) in paragraph at lines 1936--1959

 []

[96

]
Underfull \hbox (badness 10000) in paragraph at lines 1962--1983

 []

[97] [98] [99]
<images/Projektstrukturplan.png, id=1682, 455.45157pt x 460.72125pt>
File: images/Projektstrukturplan.png Graphic file (type png)
<use images/Projektstrukturplan.png>
Package pdftex.def Info: images/Projektstrukturplan.png  used on input line 203
2.
(pdftex.def)             Requested size: 341.4419pt x 341.42752pt.
 [100 <./images/Projektstrukturplan.png>]
<images/Verantwortungsmatrix.png, id=1688, 270.25969pt x 434.37282pt>
File: images/Verantwortungsmatrix.png Graphic file (type png)
<use images/Verantwortungsmatrix.png>
Package pdftex.def Info: images/Verantwortungsmatrix.png  used on input line 20
50.
(pdftex.def)             Requested size: 341.44035pt x 341.454pt.

Underfull \hbox (badness 10000) in paragraph at lines 2054--2059

 []

[101 <./images/Verantwortungsmatrix.png>]
<images/Meilensteinplan.png, id=1694, 359.09157pt x 355.3275pt>
File: images/Meilensteinplan.png Graphic file (type png)
<use images/Meilensteinplan.png>
Package pdftex.def Info: images/Meilensteinplan.png  used on input line 2066.
(pdftex.def)             Requested size: 341.45833pt x 341.44124pt.
 [102 <./images/Meilensteinplan.png>]) [103] 
AED: lastpage setting LastPage
(./main.aux (./titlepage.aux) (./erklaerung.aux) (./kurzfassung.aux)
(./danksagung.aux) (./einleitung.aux) (./doku.aux))

LaTeX Warning: There were undefined references.


LaTeX Warning: There were multiply-defined labels.

Package rerunfilecheck Info: File `main.out' has not changed.
(rerunfilecheck)             Checksum: BD93F49826C944BB4E8AC13F4199D376;23423.
 ) 
Here is how much of TeX's memory you used:
 28504 strings out of 478994
 495956 string characters out of 5858184
 969412 words of memory out of 5000000
 44840 multiletter control sequences out of 15000+600000
 485652 words of font info for 82 fonts, out of 8000000 for 9000
 1141 hyphenation exceptions out of 8191
 113i,18n,116p,1172b,2040s stack positions out of 5000i,500n,10000p,200000b,80000s
{/usr/local/texlive/2021/texmf-dist/fonts/enc/dvips/lm/lm-ts1.enc}{/usr/local
/texlive/2021/texmf-dist/fonts/enc/dvips/lm/lm-ec.enc}{/usr/local/texlive/2021/
texmf-dist/fonts/enc/dvips/lm/lm-mathit.enc}</usr/local/texlive/2021/texmf-dist
/fonts/type1/public/lm/lmbx10.pfb></usr/local/texlive/2021/texmf-dist/fonts/typ
e1/public/lm/lmbx12.pfb></usr/local/texlive/2021/texmf-dist/fonts/type1/public/
lm/lmbx8.pfb></usr/local/texlive/2021/texmf-dist/fonts/type1/public/lm/lmcsc10.
pfb></usr/local/texlive/2021/texmf-dist/fonts/type1/public/lm/lmmi7.pfb></usr/l
ocal/texlive/2021/texmf-dist/fonts/type1/public/lm/lmr10.pfb></usr/local/texliv
e/2021/texmf-dist/fonts/type1/public/lm/lmr17.pfb></usr/local/texlive/2021/texm
f-dist/fonts/type1/public/lm/lmr6.pfb></usr/local/texlive/2021/texmf-dist/fonts
/type1/public/lm/lmr7.pfb></usr/local/texlive/2021/texmf-dist/fonts/type1/publi
c/lm/lmr8.pfb></usr/local/texlive/2021/texmf-dist/fonts/type1/public/lm/lmr9.pf
b></usr/local/texlive/2021/texmf-dist/fonts/type1/public/lm/lmro10.pfb></usr/lo
cal/texlive/2021/texmf-dist/fonts/type1/public/lm/lmtt8.pfb>
Output written on main.pdf (114 pages, 8322999 bytes).
PDF statistics:
 1852 PDF objects out of 2073 (max. 8388607)
 1538 compressed objects within 16 object streams
 446 named destinations out of 1000 (max. 500000)
 1584 words of extra memory for PDF output out of 10000 (max. 10000000)

