\BOOKMARK [0][-]{chapter*.2}{\376\377\000E\000i\000d\000e\000s\000s\000t\000a\000t\000t\000l\000i\000c\000h\000e\000\040\000E\000r\000k\000l\000\344\000r\000u\000n\000g}{}% 1
\BOOKMARK [0][-]{chapter*.4}{\376\377\000K\000u\000r\000z\000f\000a\000s\000s\000u\000n\000g\000\040\000d\000e\000r\000\040\000D\000i\000p\000l\000o\000m\000a\000r\000b\000e\000i\000t\000/\000A\000b\000s\000t\000r\000a\000c\000t}{}% 2
\BOOKMARK [0][-]{chapter*.5}{\376\377\000D\000a\000n\000k\000s\000a\000g\000u\000n\000g}{}% 3
\BOOKMARK [0][-]{chapter*.6}{\376\377\000I\000n\000h\000a\000l\000t\000s\000v\000e\000r\000z\000e\000i\000c\000h\000n\000i\000s}{}% 4
\BOOKMARK [0][-]{chapter.1}{\376\377\000E\000i\000n\000l\000e\000i\000t\000u\000n\000g}{}% 5
\BOOKMARK [1][-]{section.1.1}{\376\377\000Z\000i\000e\000l\000s\000e\000t\000z\000u\000n\000g\000\040\000u\000n\000d\000\040\000A\000u\000f\000g\000a\000b\000e\000n\000s\000t\000e\000l\000l\000u\000n\000g}{chapter.1}% 6
\BOOKMARK [2][-]{subsection.1.1.1}{\376\377\000B\000e\000s\000c\000h\000r\000e\000i\000b\000u\000n\000g\000\040\000d\000e\000r\000\040\000D\000i\000p\000l\000o\000m\000a\000r\000b\000e\000i\000t}{section.1.1}% 7
\BOOKMARK [2][-]{subsection.1.1.2}{\376\377\000M\000o\000t\000i\000v\000a\000t\000i\000o\000n\000\040\000z\000u\000r\000\040\000D\000i\000p\000l\000o\000m\000a\000r\000b\000e\000i\000t}{section.1.1}% 8
\BOOKMARK [2][-]{subsection.1.1.3}{\376\377\000Z\000i\000e\000l\000\040\000d\000e\000r\000\040\000A\000r\000b\000e\000i\000t}{section.1.1}% 9
\BOOKMARK [2][-]{subsection.1.1.4}{\376\377\000E\000r\000g\000e\000b\000n\000i\000s}{section.1.1}% 10
\BOOKMARK [1][-]{section.1.2}{\376\377\000R\000o\000l\000l\000e\000n\000\040\000u\000n\000d\000\040\000i\000n\000d\000i\000v\000i\000d\000u\000e\000l\000l\000e\000\040\000Z\000i\000e\000l\000s\000e\000t\000z\000u\000n\000g\000\040\000d\000e\000r\000\040\000T\000e\000a\000m\000m\000i\000t\000g\000l\000i\000e\000d\000e\000r}{chapter.1}% 11
\BOOKMARK [2][-]{subsection.1.2.1}{\376\377\000D\000a\000v\000i\000d\000\040\000P\000\366\000c\000h\000a\000c\000k\000e\000r}{section.1.2}% 12
\BOOKMARK [2][-]{subsection.1.2.2}{\376\377\000M\000a\000r\000c\000e\000l\000\040\000E\000n\000t\000n\000e\000r}{section.1.2}% 13
\BOOKMARK [2][-]{subsection.1.2.3}{\376\377\000T\000o\000b\000i\000a\000s\000\040\000K\000r\000o\000n\000s\000t\000e\000i\000n\000e\000r}{section.1.2}% 14
\BOOKMARK [0][-]{chapter.2}{\376\377\000G\000r\000u\000n\000d\000l\000a\000g\000e\000n\000\040\000u\000n\000d\000\040\000M\000e\000t\000h\000o\000d\000e\000n}{}% 15
\BOOKMARK [1][-]{section.2.1}{\376\377\000A\000n\000a\000l\000y\000s\000e\000\040\000d\000e\000s\000\040\000v\000o\000r\000h\000a\000n\000d\000e\000n\000e\000n\000\040\000S\000y\000s\000t\000e\000m\000s}{chapter.2}% 16
\BOOKMARK [2][-]{subsection.2.1.1}{\376\377\000B\000e\000g\000r\000i\000f\000f\000e}{section.2.1}% 17
\BOOKMARK [1][-]{section.2.2}{\376\377\000A\000n\000f\000o\000r\000d\000e\000r\000u\000n\000g\000e\000n\000\040\000a\000n\000\040\000d\000a\000s\000\040\000P\000r\000o\000d\000u\000k\000t}{chapter.2}% 18
\BOOKMARK [2][-]{subsection.2.2.1}{\376\377\000S\000c\000h\000u\000t\000z\000\040\000v\000o\000n\000\040\000v\000e\000r\000t\000r\000a\000u\000l\000i\000c\000h\000e\000n\000\040\000I\000n\000f\000o\000r\000m\000a\000t\000i\000o\000n\000e\000n}{section.2.2}% 19
\BOOKMARK [2][-]{subsection.2.2.2}{\376\377\000S\000t\000a\000t\000i\000s\000t\000i\000s\000c\000h\000e\000\040\000A\000u\000s\000w\000e\000r\000t\000u\000n\000g}{section.2.2}% 20
\BOOKMARK [1][-]{section.2.3}{\376\377\000A\000r\000c\000h\000i\000t\000e\000k\000t\000u\000r\000\040\000d\000e\000s\000\040\000Z\000i\000e\000l\000s\000y\000s\000t\000e\000m\000s}{chapter.2}% 21
\BOOKMARK [2][-]{subsection.2.3.1}{\376\377\000E\000n\000d\000g\000e\000r\000\344\000t\000e}{section.2.3}% 22
\BOOKMARK [2][-]{subsection.2.3.2}{\376\377\000S\000e\000r\000v\000e\000r\000s\000e\000i\000t\000i\000g}{section.2.3}% 23
\BOOKMARK [2][-]{subsection.2.3.3}{\376\377\000C\000l\000i\000e\000n\000t\000s\000e\000i\000t\000i\000g\000e\000\040\000I\000n\000t\000e\000r\000a\000k\000t\000i\000o\000n\000\040\000d\000e\000s\000\040\000B\000e\000n\000u\000t\000z\000e\000r\000s}{section.2.3}% 24
\BOOKMARK [2][-]{subsection.2.3.4}{\376\377\000F\000r\000a\000m\000e\000w\000o\000r\000k}{section.2.3}% 25
\BOOKMARK [2][-]{subsection.2.3.5}{\376\377\000F\000r\000o\000n\000t\000-\000E\000n\000d\000\040\000T\000e\000m\000p\000l\000a\000t\000e\000s}{section.2.3}% 26
\BOOKMARK [2][-]{subsection.2.3.6}{\376\377\000V\000e\000r\000b\000i\000n\000d\000u\000n\000g\000\040\000d\000e\000r\000\040\000D\000a\000t\000e\000n\000b\000a\000n\000k\000\040\000m\000i\000t\000\040\000L\000a\000r\000a\000v\000e\000l}{section.2.3}% 27
\BOOKMARK [1][-]{section.2.4}{\376\377\000V\000i\000s\000u\000e\000l\000l\000e\000\040\000D\000a\000r\000s\000t\000e\000l\000l\000u\000n\000g\000\040\000d\000e\000r\000\040\000E\000n\000e\000r\000g\000i\000e\000s\000y\000s\000t\000e\000m\000e\000\040\000u\000n\000d\000\040\000E\000n\000e\000r\000g\000i\000e\000t\000e\000c\000h\000n\000o\000l\000o\000g\000i\000e\000n\000\040}{chapter.2}% 28
\BOOKMARK [2][-]{subsection.2.4.1}{\376\377\000K\000a\000r\000t\000e\000n\000d\000i\000e\000n\000s\000t\000e}{section.2.4}% 29
\BOOKMARK [2][-]{subsection.2.4.2}{\376\377\000G\000e\000o\000i\000n\000f\000o\000r\000m\000a\000t\000i\000o\000n\000s\000s\000y\000s\000t\000e\000m\000\040}{section.2.4}% 30
\BOOKMARK [2][-]{subsection.2.4.3}{\376\377\000C\000S\000S\000-\000S\000y\000s\000t\000e\000m}{section.2.4}% 31
\BOOKMARK [2][-]{subsection.2.4.4}{\376\377\000A\000u\000s\000w\000a\000h\000l\000\040\000d\000e\000s\000\040\000A\000n\000b\000i\000e\000t\000e\000r\000s}{section.2.4}% 32
\BOOKMARK [1][-]{section.2.5}{\376\377\000B\000e\000r\000e\000c\000h\000t\000i\000g\000u\000n\000g\000s\000s\000y\000s\000t\000e\000m\000\040\000B\000e\000n\000u\000t\000z\000e\000r}{chapter.2}% 33
\BOOKMARK [2][-]{subsection.2.5.1}{\376\377\000B\000e\000n\000u\000t\000z\000e\000r\000r\000o\000l\000l\000e\000n}{section.2.5}% 34
\BOOKMARK [2][-]{subsection.2.5.2}{\376\377\000B\000e\000r\000e\000c\000h\000t\000i\000g\000u\000n\000g\000e\000n\000\040\000i\000n\000\040\000L\000a\000r\000a\000v\000e\000l}{section.2.5}% 35
\BOOKMARK [1][-]{section.2.6}{\376\377\000U\000i\000/\000U\000x\000\040\000D\000e\000s\000i\000g\000n}{chapter.2}% 36
\BOOKMARK [2][-]{subsection.2.6.1}{\376\377\000W\000i\000r\000e\000f\000r\000a\000m\000e}{section.2.6}% 37
\BOOKMARK [2][-]{subsection.2.6.2}{\376\377\000P\000e\000r\000s\000o\000n\000a}{section.2.6}% 38
\BOOKMARK [1][-]{section.2.7}{\376\377\000T\000e\000m\000p\000l\000a\000t\000e\000\040\000L\000a\000y\000o\000u\000t}{chapter.2}% 39
\BOOKMARK [2][-]{subsection.2.7.1}{\376\377\000P\000l\000a\000t\000z\000h\000a\000l\000t\000e\000r\000\040\000Y\000i\000e\000l\000d}{section.2.7}% 40
\BOOKMARK [2][-]{subsection.2.7.2}{\376\377\000S\000e\000c\000t\000i\000o\000n\000s}{section.2.7}% 41
\BOOKMARK [2][-]{subsection.2.7.3}{\376\377\000E\000i\000n\000b\000i\000n\000d\000u\000n\000g\000\040\000d\000e\000r\000\040\000d\000e\000f\000i\000n\000i\000e\000r\000t\000e\000n\000\040\000S\000e\000c\000t\000i\000o\000n\000s}{section.2.7}% 42
\BOOKMARK [1][-]{section.2.8}{\376\377\000L\000a\000r\000a\000v\000e\000l\000\040\000B\000e\000f\000e\000h\000l\000e}{chapter.2}% 43
\BOOKMARK [2][-]{subsection.2.8.1}{\376\377\000M\000i\000g\000r\000a\000t\000i\000o\000n\000\040\000B\000e\000f\000e\000h\000l\000e}{section.2.8}% 44
\BOOKMARK [2][-]{subsection.2.8.2}{\376\377\000S\000e\000e\000d\000e\000r\000\040\000u\000n\000d\000\040\000F\000a\000c\000t\000o\000r\000y\000\040\000B\000e\000f\000e\000h\000l\000e}{section.2.8}% 45
\BOOKMARK [2][-]{subsection.2.8.3}{\376\377\000M\000o\000d\000e\000l\000\040\000u\000n\000d\000\040\000C\000o\000n\000t\000r\000o\000l\000l\000e\000r\000\040\000B\000e\000f\000e\000h\000l\000e}{section.2.8}% 46
\BOOKMARK [2][-]{subsection.2.8.4}{\376\377\000S\000t\000a\000r\000t\000e\000n\000\040\000d\000e\000s\000\040\000L\000a\000r\000a\000v\000e\000l\000\040\000D\000e\000v\000e\000l\000o\000p\000\040\000S\000e\000r\000v\000e\000r\000s}{section.2.8}% 47
\BOOKMARK [2][-]{subsection.2.8.5}{\376\377\000B\000e\000f\000e\000h\000l\000e\000\040\000n\000a\000c\000h\000\040\000d\000e\000m\000\040\000G\000i\000t\000\040\000P\000u\000l\000l}{section.2.8}% 48
\BOOKMARK [0][-]{chapter.3}{\376\377\000E\000r\000g\000e\000b\000n\000i\000s\000d\000o\000k\000u\000m\000e\000n\000t\000a\000t\000i\000o\000n\000\040}{}% 49
\BOOKMARK [1][-]{section.3.1}{\376\377\000L\000a\000r\000a\000v\000e\000l\000\040}{chapter.3}% 50
\BOOKMARK [2][-]{subsection.3.1.1}{\376\377\000I\000n\000s\000t\000a\000l\000l\000a\000t\000i\000o\000n}{section.3.1}% 51
\BOOKMARK [2][-]{subsection.3.1.2}{\376\377\000B\000o\000o\000t\000s\000t\000r\000a\000p\000\040\000E\000i\000n\000b\000i\000n\000d\000u\000n\000g}{section.3.1}% 52
\BOOKMARK [2][-]{subsection.3.1.3}{\376\377\000G\000r\000a\000f\000a\000n\000a\000\040\000E\000i\000n\000b\000i\000n\000d\000u\000n\000g}{section.3.1}% 53
\BOOKMARK [2][-]{subsection.3.1.4}{\376\377\000M\000V\000C}{section.3.1}% 54
\BOOKMARK [1][-]{section.3.2}{\376\377\000D\000a\000t\000e\000n\000b\000a\000n\000k\000a\000n\000b\000i\000n\000d\000u\000n\000g\000\040\000i\000n\000\040\000L\000a\000r\000a\000v\000e\000l}{chapter.3}% 55
\BOOKMARK [2][-]{subsection.3.2.1}{\376\377\000D\000a\000t\000e\000n\000b\000a\000n\000k\000\040\000A\000n\000m\000e\000l\000d\000e\000i\000n\000f\000o\000r\000m\000a\000t\000i\000o\000n\000e\000n}{section.3.2}% 56
\BOOKMARK [2][-]{subsection.3.2.2}{\376\377\000M\000a\000i\000l\000\040\000S\000e\000r\000v\000e\000r\000\040\000K\000o\000n\000f\000i\000g\000u\000r\000a\000t\000i\000o\000n\000e\000n}{section.3.2}% 57
\BOOKMARK [2][-]{subsection.3.2.3}{\376\377\000M\000i\000g\000r\000a\000t\000i\000o\000n\000s}{section.3.2}% 58
\BOOKMARK [1][-]{section.3.3}{\376\377\000R\000o\000u\000t\000e\000n\000\040\000i\000n\000\040\000L\000a\000r\000a\000v\000e\000l}{chapter.3}% 59
\BOOKMARK [2][-]{subsection.3.3.1}{\376\377\000R\000e\000s\000o\000u\000r\000c\000e\000\040\000R\000o\000u\000t\000e\000n}{section.3.3}% 60
\BOOKMARK [2][-]{subsection.3.3.2}{\376\377\000G\000E\000T\000\040\000R\000o\000u\000t\000e\000n}{section.3.3}% 61
\BOOKMARK [2][-]{subsection.3.3.3}{\376\377\000A\000u\000t\000h\000\040\000R\000o\000u\000t\000e\000n}{section.3.3}% 62
\BOOKMARK [1][-]{section.3.4}{\376\377\000D\000a\000t\000e\000n\000b\000a\000n\000k\000d\000e\000s\000i\000g\000n}{chapter.3}% 63
\BOOKMARK [2][-]{subsection.3.4.1}{\376\377\000E\000r\000s\000t\000e\000l\000l\000e\000n\000\040\000e\000i\000n\000e\000s\000\040\000n\000e\000u\000e\000n\000\040\000S\000c\000h\000e\000m\000a\000s}{section.3.4}% 64
\BOOKMARK [1][-]{section.3.5}{\376\377\000C\000o\000r\000p\000o\000r\000a\000t\000e\000\040\000D\000e\000s\000i\000g\000n}{chapter.3}% 65
\BOOKMARK [2][-]{subsection.3.5.1}{\376\377\000V\000o\000r\000s\000c\000h\000l\000\344\000g\000e}{section.3.5}% 66
\BOOKMARK [2][-]{subsection.3.5.2}{\376\377\000\304\000n\000d\000e\000r\000u\000n\000g\000s\000v\000o\000r\000s\000c\000h\000l\000\344\000g\000e}{section.3.5}% 67
\BOOKMARK [2][-]{subsection.3.5.3}{\376\377\000F\000i\000n\000a\000l\000e\000s\000\040\000D\000e\000s\000i\000g\000n}{section.3.5}% 68
\BOOKMARK [2][-]{subsection.3.5.4}{\376\377\000D\000e\000f\000i\000n\000i\000e\000r\000t\000e\000\040\000F\000a\000r\000b\000e\000n}{section.3.5}% 69
\BOOKMARK [2][-]{subsection.3.5.5}{\376\377\000\334\000b\000e\000r\000s\000c\000h\000r\000i\000f\000t\000e\000n}{section.3.5}% 70
\BOOKMARK [2][-]{subsection.3.5.6}{\376\377\000I\000n\000t\000e\000r\000a\000k\000t\000i\000o\000n\000s\000f\000a\000r\000b\000e\000n}{section.3.5}% 71
\BOOKMARK [2][-]{subsection.3.5.7}{\376\377\000S\000c\000h\000r\000i\000f\000t\000a\000r\000t\000e\000n}{section.3.5}% 72
\BOOKMARK [2][-]{subsection.3.5.8}{\376\377\000S\000c\000h\000r\000i\000f\000t\000g\000r\000a\000d\000e}{section.3.5}% 73
\BOOKMARK [2][-]{subsection.3.5.9}{\376\377\000L\000o\000g\000o}{section.3.5}% 74
\BOOKMARK [2][-]{subsection.3.5.10}{\376\377\000V\000e\000r\000w\000e\000n\000d\000e\000t\000e\000\040\000I\000c\000o\000n\000s\000\040\000u\000n\000d\000\040\000d\000e\000r\000e\000n\000\040\000B\000e\000d\000e\000u\000t\000u\000n\000g\000e\000n}{section.3.5}% 75
\BOOKMARK [2][-]{subsection.3.5.11}{\376\377\000M\000a\000p\000\040\000I\000c\000o\000n\000s}{section.3.5}% 76
\BOOKMARK [2][-]{subsection.3.5.12}{\376\377\000I\000c\000o\000n\000s\000\040\000i\000n\000\040\000F\000o\000r\000m\000u\000l\000a\000r\000e\000n}{section.3.5}% 77
\BOOKMARK [2][-]{subsection.3.5.13}{\376\377\000I\000c\000o\000n\000s\000\040\000i\000m\000\040\000D\000a\000t\000a\000T\000a\000b\000l\000e}{section.3.5}% 78
\BOOKMARK [2][-]{subsection.3.5.14}{\376\377\000B\000u\000t\000t\000o\000n\000s}{section.3.5}% 79
\BOOKMARK [2][-]{subsection.3.5.15}{\376\377\000T\000a\000b\000e\000l\000l\000e\000\040\000m\000i\000t\000\040\000g\000e\000n\000e\000r\000e\000l\000l\000e\000n\000\040\000I\000n\000f\000o\000r\000m\000a\000t\000i\000o\000n\000e\000n\000\040\000\374\000b\000e\000r\000\040\000e\000i\000n\000z\000e\000l\000n\000e\000\040\000H\000T\000M\000L\000\040\000E\000l\000e\000m\000e\000n\000t\000e}{section.3.5}% 80
\BOOKMARK [2][-]{subsection.3.5.16}{\376\377\000D\000a\000t\000e\000n\000f\000o\000r\000m\000a\000t\000e}{section.3.5}% 81
\BOOKMARK [1][-]{section.3.6}{\376\377\000W\000e\000b\000o\000b\000e\000r\000f\000l\000\344\000c\000h\000e}{chapter.3}% 82
\BOOKMARK [2][-]{subsection.3.6.1}{\376\377\000B\000a\000c\000k\000e\000n\000d}{section.3.6}% 83
\BOOKMARK [2][-]{subsection.3.6.2}{\376\377\000F\000r\000o\000n\000t\000-\000E\000n\000d}{section.3.6}% 84
\BOOKMARK [2][-]{subsection.3.6.3}{\376\377\000L\000o\000g\000i\000n}{section.3.6}% 85
\BOOKMARK [2][-]{subsection.3.6.4}{\376\377\000R\000e\000g\000i\000s\000t\000r\000i\000e\000r\000u\000n\000g}{section.3.6}% 86
\BOOKMARK [2][-]{subsection.3.6.5}{\376\377\000K\000a\000r\000t\000e\000n\000d\000i\000e\000n\000s\000t\000\040\000F\000u\000n\000k\000t\000i\000o\000n\000a\000l\000i\000t\000\344\000t\000e\000n}{section.3.6}% 87
\BOOKMARK [2][-]{subsection.3.6.6}{\376\377\000A\000n\000z\000e\000i\000g\000e\000\040\000v\000o\000n\000\040\000E\000n\000e\000r\000g\000i\000e\000s\000y\000s\000t\000e\000m\000e\000n\000\040\000u\000n\000d\000\040\000E\000n\000e\000r\000g\000i\000e\000t\000e\000c\000h\000n\000o\000l\000o\000g\000i\000e\000n\000\040\000a\000u\000f\000\040\000d\000e\000r\000\040\000K\000a\000r\000t\000e}{section.3.6}% 88
\BOOKMARK [2][-]{subsection.3.6.7}{\376\377\000L\000a\000y\000o\000u\000t\000v\000o\000r\000l\000a\000g\000e\000\040\000d\000e\000r\000\040\000W\000e\000b\000s\000i\000t\000e}{section.3.6}% 89
\BOOKMARK [1][-]{section.3.7}{\376\377\000D\000a\000t\000a\000T\000a\000b\000l\000e}{chapter.3}% 90
\BOOKMARK [2][-]{subsection.3.7.1}{\376\377\000I\000n\000d\000i\000v\000i\000d\000u\000e\000l\000l\000e\000r\000\040\000D\000a\000t\000a\000T\000a\000b\000l\000e}{section.3.7}% 91
\BOOKMARK [2][-]{subsection.3.7.2}{\376\377\000S\000o\000r\000t\000i\000e\000r\000f\000u\000n\000k\000t\000i\000o\000n}{section.3.7}% 92
\BOOKMARK [2][-]{subsection.3.7.3}{\376\377\000S\000u\000c\000h\000f\000u\000n\000k\000t\000i\000o\000n}{section.3.7}% 93
\BOOKMARK [2][-]{subsection.3.7.4}{\376\377\000S\000e\000i\000t\000e\000n\000a\000n\000z\000a\000h\000l}{section.3.7}% 94
\BOOKMARK [2][-]{subsection.3.7.5}{\376\377\000I\000c\000o\000n\000s}{section.3.7}% 95
\BOOKMARK [2][-]{subsection.3.7.6}{\376\377\000M\000o\000v\000e\000T\000o\000M\000a\000r\000k\000e\000r}{section.3.7}% 96
\BOOKMARK [1][-]{section.3.8}{\376\377\000G\000a\000l\000e\000r\000i\000e\000\040\000F\000u\000n\000k\000t\000i\000o\000n\000e\000n}{chapter.3}% 97
\BOOKMARK [2][-]{subsection.3.8.1}{\376\377\000A\000u\000s\000w\000a\000h\000l\000\040\000e\000i\000n\000e\000s\000\040\000E\000n\000e\000r\000g\000i\000e\000s\000y\000s\000t\000e\000m\000s}{section.3.8}% 98
\BOOKMARK [2][-]{subsection.3.8.2}{\376\377\000E\000n\000e\000r\000g\000i\000e\000t\000e\000c\000h\000n\000o\000l\000o\000g\000i\000e\000n\000\040\000d\000e\000s\000\040\000E\000n\000e\000r\000g\000i\000e\000s\000y\000s\000t\000e\000m\000s\000\040\000a\000n\000z\000e\000i\000g\000e\000n}{section.3.8}% 99
\BOOKMARK [1][-]{section.3.9}{\376\377\000G\000r\000a\000f\000a\000n\000a}{chapter.3}% 100
\BOOKMARK [2][-]{subsection.3.9.1}{\376\377\000A\000u\000t\000o\000m\000a\000t\000i\000s\000c\000h\000e\000s\000\040\000E\000r\000s\000t\000e\000l\000l\000e\000n\000\040\000d\000e\000r\000\040\000D\000a\000s\000h\000b\000o\000a\000r\000d\000s}{section.3.9}% 101
\BOOKMARK [2][-]{subsection.3.9.2}{\376\377\000A\000u\000t\000o\000m\000a\000t\000i\000s\000c\000h\000e\000s\000\040\000E\000r\000s\000t\000e\000l\000l\000e\000n\000\040\000d\000e\000r\000\040\000P\000a\000n\000e\000l\000s}{section.3.9}% 102
\BOOKMARK [2][-]{subsection.3.9.3}{\376\377\000E\000n\000e\000r\000g\000i\000e\000t\000e\000c\000h\000n\000o\000l\000o\000g\000i\000e\000n\000\040\000S\000t\000a\000t\000i\000s\000t\000i\000k\000e\000n\000\040\000a\000n\000z\000e\000i\000g\000e\000n}{section.3.9}% 103
\BOOKMARK [1][-]{section.3.10}{\376\377\000E\000i\000n\000b\000i\000n\000d\000u\000n\000g\000\040\000v\000o\000n\000\040\000G\000o\000o\000g\000l\000e\000\040\000M\000a\000p\000s}{chapter.3}% 104
\BOOKMARK [2][-]{subsection.3.10.1}{\376\377\000G\000o\000o\000g\000l\000e\000\040\000C\000l\000o\000u\000d}{section.3.10}% 105
\BOOKMARK [2][-]{subsection.3.10.2}{\376\377\000G\000o\000o\000g\000l\000e\000\040\000C\000l\000o\000u\000d\000\040\000P\000l\000a\000t\000f\000o\000r\000m\000\040\000A\000c\000c\000o\000u\000n\000t\000\040\000e\000r\000s\000t\000e\000l\000l\000e\000n}{section.3.10}% 106
\BOOKMARK [2][-]{subsection.3.10.3}{\376\377\000A\000p\000i\000s\000\040\000a\000k\000t\000i\000v\000i\000e\000r\000e\000n\000\040\000u\000n\000d\000\040\000e\000i\000n\000b\000i\000n\000d\000e\000n}{section.3.10}% 107
\BOOKMARK [2][-]{subsection.3.10.4}{\376\377\000I\000n\000d\000i\000v\000i\000d\000u\000e\000l\000l\000e\000\040\000M\000a\000p\000\040\000e\000r\000s\000t\000e\000l\000l\000e\000n\000\040\000u\000n\000d\000\040\000e\000i\000n\000b\000i\000n\000d\000e\000n}{section.3.10}% 108
\BOOKMARK [0][-]{chapter.4}{\376\377\000R\000e\000s\000\374\000m\000e\000e\000\040\000u\000n\000d\000\040\000A\000u\000s\000b\000l\000i\000c\000k}{}% 109
\BOOKMARK [0][-]{chapter.5}{\376\377\000Q\000u\000e\000l\000l\000e\000n\000\040\000u\000n\000d\000\040\000L\000i\000t\000e\000r\000a\000t\000u\000r}{}% 110
\BOOKMARK [0][-]{chapter*.47}{\376\377\000A\000b\000b\000i\000l\000d\000u\000n\000g\000s\000v\000e\000r\000z\000e\000i\000c\000h\000n\000i\000s}{}% 111
\BOOKMARK [0][-]{chapter*.48}{\376\377\000T\000a\000b\000e\000l\000l\000e\000n\000v\000e\000r\000z\000e\000i\000c\000h\000n\000i\000s}{}% 112
\BOOKMARK [0][-]{chapter.6}{\376\377\000C\000o\000d\000e\000v\000e\000r\000z\000e\000i\000c\000h\000n\000i\000s}{}% 113
\BOOKMARK [0][-]{chapter.7}{\376\377\000B\000e\000g\000l\000e\000i\000t\000p\000r\000o\000t\000o\000k\000o\000l\000l\000\040\000g\000e\000m\000.\000\040\000\247\000\040\0009\000\040\000A\000b\000s\000.\000\040\0002\000\040\000P\000r\000O\000-\000B\000H\000S}{}% 114
\BOOKMARK [1][-]{section.7.1}{\376\377\000B\000e\000g\000l\000e\000i\000t\000p\000r\000o\000t\000o\000k\000o\000l\000l\000\040\000D\000a\000v\000i\000d\000\040\000P\000\366\000c\000h\000a\000c\000k\000e\000r}{chapter.7}% 115
\BOOKMARK [1][-]{section.7.2}{\376\377\000B\000e\000g\000l\000e\000i\000t\000p\000r\000o\000t\000o\000k\000o\000l\000l\000\040\000M\000a\000r\000c\000e\000l\000\040\000E\000n\000t\000n\000e\000r}{chapter.7}% 116
\BOOKMARK [1][-]{section.7.3}{\376\377\000B\000e\000g\000l\000e\000i\000t\000p\000r\000o\000t\000o\000k\000o\000l\000l\000\040\000T\000o\000b\000i\000a\000s\000\040\000K\000r\000o\000n\000s\000t\000e\000i\000n\000e\000r}{chapter.7}% 117
\BOOKMARK [0][-]{chapter.8}{\376\377\000A\000n\000h\000a\000n\000g}{}% 118
\BOOKMARK [1][-]{section.8.1}{\376\377\000V\000e\000r\000f\000a\000s\000s\000e\000r\000\040\000d\000e\000r\000\040\000K\000a\000p\000i\000t\000e\000l}{chapter.8}% 119
\BOOKMARK [2][-]{subsection.8.1.1}{\376\377\000D\000a\000v\000i\000d\000\040\000P\000\366\000c\000h\000a\000c\000k\000e\000r}{section.8.1}% 120
\BOOKMARK [2][-]{subsection.8.1.2}{\376\377\000M\000a\000r\000c\000e\000l\000\040\000E\000n\000t\000n\000e\000r}{section.8.1}% 121
\BOOKMARK [2][-]{subsection.8.1.3}{\376\377\000T\000o\000b\000i\000a\000s\000\040\000K\000r\000o\000n\000s\000t\000e\000i\000n\000e\000r}{section.8.1}% 122
\BOOKMARK [1][-]{section.8.2}{\376\377\000V\000e\000r\000w\000e\000n\000d\000e\000t\000e\000\040\000S\000o\000f\000t\000w\000a\000r\000e}{chapter.8}% 123
\BOOKMARK [2][-]{subsection.8.2.1}{\376\377\000V\000i\000s\000u\000a\000l\000\040\000S\000t\000u\000d\000i\000o\000\040\000C\000o\000d\000e}{section.8.2}% 124
\BOOKMARK [2][-]{subsection.8.2.2}{\376\377\000A\000p\000a\000c\000h\000e\000\040\000W\000e\000b\000S\000e\000r\000v\000e\000r}{section.8.2}% 125
\BOOKMARK [2][-]{subsection.8.2.3}{\376\377\000C\000o\000m\000p\000o\000s\000e\000r}{section.8.2}% 126
\BOOKMARK [2][-]{subsection.8.2.4}{\376\377\000W\000i\000n\000d\000o\000w\000s\000\040\000E\000i\000n\000g\000a\000b\000e\000a\000u\000f\000f\000o\000r\000d\000e\000r\000u\000n\000g\000\040\000\050\000C\000M\000D\000\051}{section.8.2}% 127
\BOOKMARK [2][-]{subsection.8.2.5}{\376\377\000G\000i\000t\000h\000u\000b\000\040\000V\000C\000S\000\040\000u\000n\000d\000\040\000G\000i\000t\000h\000u\000b\000\040\000D\000e\000s\000k\000t\000o\000p\000\040\000G\000U\000I}{section.8.2}% 128
\BOOKMARK [2][-]{subsection.8.2.6}{\376\377\000\040\000p\000h\000p\000M\000y\000A\000d\000m\000i\000n}{section.8.2}% 129
\BOOKMARK [2][-]{subsection.8.2.7}{\376\377\000A\000d\000o\000b\000e\000\040\000X\000D}{section.8.2}% 130
\BOOKMARK [2][-]{subsection.8.2.8}{\376\377\000A\000d\000o\000b\000e\000\040\000P\000h\000o\000t\000o\000s\000h\000o\000p}{section.8.2}% 131
\BOOKMARK [1][-]{section.8.3}{\376\377\000P\000r\000o\000j\000e\000k\000t\000p\000l\000a\000n\000u\000n\000g}{chapter.8}% 132
\BOOKMARK [2][-]{subsection.8.3.1}{\376\377\000P\000r\000o\000j\000e\000k\000t\000k\000o\000m\000m\000u\000n\000i\000k\000a\000t\000i\000o\000n}{section.8.3}% 133
\BOOKMARK [2][-]{subsection.8.3.2}{\376\377\000P\000r\000o\000j\000e\000k\000t\000s\000t\000r\000u\000k\000t\000u\000r\000p\000l\000a\000n}{section.8.3}% 134
\BOOKMARK [2][-]{subsection.8.3.3}{\376\377\000V\000e\000r\000a\000n\000t\000w\000o\000r\000t\000u\000n\000g\000s\000m\000a\000t\000r\000i\000x\000\040\000u\000n\000d\000\040\000A\000u\000f\000w\000a\000n\000d\000s\000s\000c\000h\000\344\000t\000z\000u\000n\000g}{section.8.3}% 135
\BOOKMARK [2][-]{subsection.8.3.4}{\376\377\000M\000e\000i\000l\000e\000n\000s\000t\000e\000i\000n\000p\000l\000a\000n}{section.8.3}% 136
\BOOKMARK [2][-]{subsection.8.3.5}{\376\377\000T\000e\000r\000m\000i\000n\000p\000l\000a\000n}{section.8.3}% 137
\BOOKMARK [1][-]{section.8.4}{\376\377\000I\000n\000h\000a\000l\000t\000\040\000v\000o\000n\000\040\000G\000i\000t\000H\000u\000b}{chapter.8}% 138
